C51 COMPILER V9.60.7.0   FUNC_HANDLER                                                      01/07/2026 11:25:19 PAGE 1   


C51 COMPILER V9.60.7.0, COMPILATION OF MODULE FUNC_HANDLER
OBJECT MODULE PLACED IN ..\OBJ\func_handler.obj
COMPILER INVOKED BY: D:\Keil_v5\C51\BIN\C51.EXE ..\FUNC_HANDLER\func_handler.c LARGE OMF2 OPTIMIZE(3,SIZE) BROWSE INCDIR
                    -(..\USER;..\FUNC_HANDLER;..\GUI_APP;..\HANDWARE\NOR_FLASH;..\HANDWARE\USART;..\T5LDriver) DEBUG PRINT(..\OBJ\func_handle
                    -r.lst) TABS(2) OBJECT(..\OBJ\func_handler.obj)

line level    source

   1          #include "func_handler.h"
   2          #include "start_win.h"
   3          //////////////////////////////////////////////////////////////////////////////////
   4          ////////////////////////////////////button paras config///////////////////////////
   5          //////////////////////////////////////////////////////////////////////////////////
   6          /*********************二维数组********************/
   7          code const u16 btn_click_pararlist[BTN_EVENT_NUM][2]={   //BTN_EVENT_NUM   按钮总数 按照实际更改
   8          {BTN_MAIN_PAGE_ADDR,          BTN_TYPE_CLICK},//paras input 
   9          {BTN_PASS_KEYPAD_ADDR,        BTN_TYPE_CLICK},
  10          {BTN_FACTORY_KEYPAD_ADDR,     BTN_TYPE_CLICK},
  11          {BTN_PROG_NUM_SEL_ADDR,       BTN_TYPE_CLICK},
  12          {BTN_PARA_KEYPAD_ADDR,        BTN_TYPE_CLICK},
  13          {BTN_FAC_SET_ADDR,            BTN_TYPE_CLICK},
  14          {BTN_TEST_MODE_SET_ADDR,      BTN_TYPE_HOLD_RES},
  15          {BTN_PROG_MODE_SET_ADDR,      BTN_TYPE_HOLD_RES},
  16          {BTN_SET_LIGHT_ADDR,          BTN_TYPE_HOLD_RES},
  17          {BTN_SET_BUZZ_ADDR,           BTN_TYPE_HOLD_RES},
  18          {BTN_LANGUAGE_ADDR,           BTN_TYPE_HOLD_RES},
  19          {BTN_SET_LEVEL_ADDR,          BTN_TYPE_HOLD_RES},
  20          
  21          };
  22          //////////////////////////////////////////////////////////////////////////////////
  23          //////////////////////////////////////////////////////////////////////////////////
  24          
  25          bit is_btn_scan = 0;//是否要进行按钮点击扫描
  26          
  27          xdata STR_BTN_TypeDef btn_str_data[BTN_EVENT_NUM];
  28          
  29          
  30          
  31          static void btn_InitStructure(STR_BTN_TypeDef *obj,u16 index)
  32          {
  33   1        obj->addr = btn_click_pararlist[index][0];//button address
  34   1        obj->type = btn_click_pararlist[index][1];//button type
  35   1        switch(obj->type)
  36   1        {
  37   2          case BTN_TYPE_CLICK:
  38   2              obj->func_callback = btn_click_callback;
  39   2              obj->val =0;
  40   2              obj->val_temp = 0;
  41   2            break;
  42   2          case BTN_TYPE_HOLD_RES:
  43   2              sys_read_vp(obj->addr,(u8*)&obj->val,1);
  44   2              obj ->val_temp = obj ->val;
  45   2              obj ->func_callback = btn_hold_res_callback;
  46   2            break;
  47   2          case BTN_TYPE_HOLD_TIME:
  48   2              obj->func_callback = btn_hold_click_callback;
  49   2              obj->func_hold_callback = btn_hold_callback;
  50   2              obj->val =0;
  51   2              obj->val_temp = 0;
  52   2              obj->timer = 0;
  53   2            break;
C51 COMPILER V9.60.7.0   FUNC_HANDLER                                                      01/07/2026 11:25:19 PAGE 2   

  54   2          default:
  55   2              obj->func_callback = 0;
  56   2              obj->func_hold_callback = 0;
  57   2              obj->val =0;
  58   2              obj->val_temp = 0;
  59   2              obj->timer = 0;
  60   2            break;
  61   2        }
  62   1      
  63   1      }
  64          static void btn_click_event(STR_BTN_TypeDef *obj)
  65          {
  66   1        u16 val;
  67   1        sys_read_vp(obj->addr,(u8*)&obj->val,1);
  68   1        switch(obj->type)
  69   1        {
  70   2          case BTN_TYPE_CLICK:
  71   2            //检查是否有按钮按下
  72   2            if(obj->val !=0)
  73   2            {
  74   3              //按钮点击事件处理,传递给相应的界面 
  75   3              obj->func_callback(obj->addr,obj->val);     
  76   3              //清除按键值
  77   3              obj->val = 0;
  78   3              sys_write_vp(obj->addr,(u8*)&obj->val,1); 
  79   3            }
  80   2            break;
  81   2          case BTN_TYPE_HOLD_RES:
  82   2            if(obj->val !=obj->val_temp)
  83   2            {
  84   3              obj->func_callback(obj->addr,obj->val);     
  85   3              obj->val_temp = obj->val;
  86   3              val=1;
  87   3              sys_write_vp(HOLD_ACTIVE_ADDR,(u8*)&val,1);
  88   3              val=0;
  89   3              sys_write_vp(HOLD_PASSIVE_ADDR,(u8*)&val,1);
  90   3            }       
  91   2            break;
  92   2          case BTN_TYPE_HOLD_TIME://click event,selected func
  93   2            if(obj->val !=0)
  94   2            {   
  95   3              if((obj->timer <10)&&(obj->val != obj->val_temp))
  96   3              {
  97   4                obj->func_callback(obj->addr,obj->val); 
  98   4              }
  99   3              if(obj->timer ==20)// 600ms hold event,popup shotkey select menu
 100   3              {
 101   4                obj->func_hold_callback(obj->addr,obj->val);
 102   4                //清除按键值
 103   4                obj->val = 0;
 104   4                sys_write_vp(obj->addr,(u8*)&obj->val,1);   
 105   4              }
 106   3              obj->timer++;
 107   3            }
 108   2            else
 109   2            {
 110   3              obj->timer = 0;
 111   3            }
 112   2            obj->val_temp = obj->val;
 113   2            break;
 114   2          default:
 115   2            break;
C51 COMPILER V9.60.7.0   FUNC_HANDLER                                                      01/07/2026 11:25:19 PAGE 3   

 116   2        }
 117   1      }
 118          
 119          void btn_init(void)
 120          {
 121   1        u16 i;
 122   1        u16 val;
 123   1        for(i=0;i<BTN_EVENT_NUM;i++)
 124   1        {
 125   2          btn_InitStructure(&btn_str_data[i],i);
 126   2        }
 127   1        //init hold button reg
 128   1        val=1;
 129   1        sys_write_vp(HOLD_ACTIVE_ADDR,(u8*)&val,1);
 130   1        val=0;
 131   1        sys_write_vp(HOLD_PASSIVE_ADDR,(u8*)&val,1);
 132   1      }
 133          
 134          //用于产生按钮点击扫描信号,放在1ms的定时器中调用即可
 135          void btn_click_tick()
 136          {
 137   1        static idata u8 tick = 0;
 138   1        tick++;
 139   1        if(tick==BTN_SCAN_PERIOD)
 140   1        {
 141   2          tick = 0;
 142   2          is_btn_scan = 1;//产生一个按钮点击扫描信号
 143   2        }
 144   1      }
 145          
 146          //按钮点击事件扫描并处理
 147          void btn_click_handler(void)
 148          {
 149   1        u16 i;
 150   1      
 151   1        if(is_btn_scan==0)//是否有扫描信号,没有的话就啥也不做,直接返回
 152   1          return;
 153   1        
 154   1        is_btn_scan = 0;//清除
 155   1      
 156   1        for(i=0;i<BTN_EVENT_NUM;i++)
 157   1        {
 158   2          btn_click_event(&btn_str_data[i]);
 159   2        }
 160   1      }
 161          
 162          
 163          
 164          
 165          
 166          
 167          
 168          
 169          
 170          


MODULE INFORMATION:   STATIC OVERLAYABLE
   CODE SIZE        =   1322    ----
   CONSTANT SIZE    =     48    ----
   XDATA SIZE       =    180      16
   PDATA SIZE       =   ----    ----
C51 COMPILER V9.60.7.0   FUNC_HANDLER                                                      01/07/2026 11:25:19 PAGE 4   

   DATA SIZE        =   ----    ----
   IDATA SIZE       =      1    ----
   BIT SIZE         =      1    ----
   EDATA SIZE       =   ----    ----
   HDATA SIZE       =   ----    ----
   XDATA CONST SIZE =   ----    ----
   FAR CONST SIZE   =   ----    ----
END OF MODULE INFORMATION.


C51 COMPILATION COMPLETE.  0 WARNING(S),  0 ERROR(S)
