C51 COMPILER V9.60.7.0   MOTOR_CMD                                                         01/07/2026 11:25:17 PAGE 1   


C51 COMPILER V9.60.7.0, COMPILATION OF MODULE MOTOR_CMD
OBJECT MODULE PLACED IN ..\OBJ\motor_cmd.obj
COMPILER INVOKED BY: D:\Keil_v5\C51\BIN\C51.EXE ..\FUNC_HANDLER\motor_cmd.c LARGE OMF2 OPTIMIZE(3,SIZE) BROWSE INCDIR(..
                    -\USER;..\FUNC_HANDLER;..\GUI_APP;..\HANDWARE\NOR_FLASH;..\HANDWARE\USART;..\T5LDriver) DEBUG PRINT(..\OBJ\motor_cmd.lst)
                    - TABS(2) OBJECT(..\OBJ\motor_cmd.obj)

line level    source

   1          #include "sys.h"
   2          #include "rtu_protocol.h"
   3          #include "motor_cmd.h"
   4          
   5          #include "main.h"
   6          
   7          ST_MOTOR_PARAS_DEF st_motor_paras;
   8          
   9          void motor_set_station(u8 station)
  10          {
  11   1          st_motor_paras.station = station;
  12   1      }
  13          /*--------------------------------/
  14          命令内容含义：
  15          0001：正转运行（无参数）
  16          0002：反转运行（无参数）
  17          0003：减速停机
  18          0004：自由停机
  19          0005：正转点动起动
  20          0006：正转点动停机
  21          0007：保留
  22          0008：运行（无方向）
  23          0009：故障复位
  24          000A: 反转点动起动
  25          000B: 反转点动停机
  26          000C：休眠唤醒
  27          /--------------------------------*/
  28          
  29          


MODULE INFORMATION:   STATIC OVERLAYABLE
   CODE SIZE        =     11    ----
   CONSTANT SIZE    =   ----    ----
   XDATA SIZE       =     21       1
   PDATA SIZE       =   ----    ----
   DATA SIZE        =   ----    ----
   IDATA SIZE       =   ----    ----
   BIT SIZE         =   ----    ----
   EDATA SIZE       =   ----    ----
   HDATA SIZE       =   ----    ----
   XDATA CONST SIZE =   ----    ----
   FAR CONST SIZE   =   ----    ----
END OF MODULE INFORMATION.


C51 COMPILATION COMPLETE.  0 WARNING(S),  0 ERROR(S)
