C51 COMPILER V9.60.7.0   RTU_PROCESS                                                       01/07/2026 11:25:15 PAGE 1   


C51 COMPILER V9.60.7.0, COMPILATION OF MODULE RTU_PROCESS
OBJECT MODULE PLACED IN ..\OBJ\rtu_process.obj
COMPILER INVOKED BY: D:\Keil_v5\C51\BIN\C51.EXE ..\FUNC_HANDLER\rtu_process.c LARGE OMF2 OPTIMIZE(3,SIZE) BROWSE INCDIR(
                    -..\USER;..\FUNC_HANDLER;..\GUI_APP;..\HANDWARE\NOR_FLASH;..\HANDWARE\USART;..\T5LDriver) DEBUG PRINT(..\OBJ\rtu_process.
                    -lst) TABS(2) OBJECT(..\OBJ\rtu_process.obj)

line level    source

   1          #include "sys.h"
   2          #include "string.h"
   3          #include "usart.h"
   4          #include "rtu_api.h"
   5          #include "motor_cmd.h"
   6          #include "rtu_protocol.h"
   7          #include "rtu_process.h"
   8          #include "start_win.h"
   9          
  10           void RTU_Cmd_Pending(u8 cmd,u16 dat)
  11          {
  12   1        rtu_structure.cmd[rtu_structure.pending] = cmd;
  13   1        rtu_structure.cmd_data[rtu_structure.pending] = dat;
  14   1        rtu_structure.pending = ++rtu_structure.pending%MAX_BUFFER_NUMBER;
  15   1      }
  16          void RTU_Send_Cmd(u8 index)
  17          {
  18   1        switch(rtu_structure.cmd[index])
  19   1        {
  20   2          case RTU_RUN_FWD:
  21   2          case RTU_RUN_REV:
  22   2          case RTU_STOP:
  23   2          case RTU_START:
  24   2            str_sys.mc_para.set_run = rtu_structure.cmd_data[index];
  25   2            rtu_protocol_format_wr(ADDR_MOTOR_SET_RUN,1,(u16 *)&rtu_structure.cmd_data[index]);
  26   2            break;
  27   2          case RTU_SET_VLOTAGE:
  28   2            rtu_protocol_format_wr(ADDR_MOTOR_SET_VOL,1,(u16 *)&rtu_structure.cmd_data[index]);
  29   2            break;
  30   2          case RTU_DOOR_LOCK://                                                  //ĂĹËřDC1
  31   2          case RTU_DOOR_UNLOCK://
  32   2            rtu_protocol_format_wr(ADDR_SET_DC1,1,(u16 *)&rtu_structure.cmd_data[index]);
  33   2            break;    
  34   2          case RTU_DCFAN_RUN:   //·çÉČżŞĘĽ×Ş¶Ż
  35   2          case RTU_DCFAN_STOP:     //·çÉČÍŁÖą   str_sys.set_dc2 = 0;
  36   2            rtu_protocol_format_wr(ADDR_SET_DC2,1,(u16 *)&rtu_structure.cmd_data[index]);
  37   2            break;
  38   2          case RTU_ACFAN_RUN:   //·çÉČżŞĘĽ×Ş¶Ż  str_sys.set_ac1 = 0x01;
  39   2          case RTU_ACFAN_STOP:     //·çÉČÍŁÖą       str_sys.set_ac1 = 0;
  40   2            rtu_protocol_format_wr(ADDR_SET_AC1,1,(u16 *)&rtu_structure.cmd_data[index]);
  41   2            break;
  42   2          case RTU_SET_TEMP:
  43   2            rtu_protocol_format_wr(ADDR_SET_TEMP,1,(u16 *)&rtu_structure.cmd_data[index]);
  44   2            break;
  45   2          case RTU_SET_LOCK:
  46   2          rtu_protocol_format_wr(ADDR_SET_LOCK,1,(u16 *)&rtu_structure.cmd_data[index]);
  47   2            break;
  48   2          case RTU_IDlE:
  49   2            rtu_protocol_format_rd(ADDR_MOTOR_GET_FWD,ADDR_HREG_TOTAL);
  50   2            break;    
  51   2          default:
  52   2            break;
  53   2        }
C51 COMPILER V9.60.7.0   RTU_PROCESS                                                       01/07/2026 11:25:15 PAGE 2   

  54   1      }
  55          void RTU_Send_Task_Handler(void)
  56          {
  57   1        if(rtu_structure.event == EV_REPEAT)
  58   1        {
  59   2          if(rtu_structure.repeat == 0)
  60   2          {
  61   3            sys_speaker_work(1);
  62   3            rtu_structure.addr = 0;
  63   3            rtu_structure.funcode = 0;
  64   3            rtu_structure.event = EV_READY;
  65   3          }
  66   2          else
  67   2          {
  68   3            rtu_structure.processed--;
  69   3            RTU_Send_Cmd(rtu_structure.processed);
  70   3            rtu_structure.event = EV_EXECUTE;
  71   3            rtu_structure.cmd[rtu_structure.processed] = RTU_IDlE;
  72   3            rtu_structure.processed = ++rtu_structure.processed % MAX_BUFFER_NUMBER;
  73   3          }
  74   2          if(rtu_structure.repeat>0) rtu_structure.repeat--;
  75   2        }
  76   1        if(rtu_structure.event!=EV_READY)
  77   1        return;
  78   1        if(rtu_structure.processed == rtu_structure.pending)
  79   1        {
  80   2          RTU_Cmd_Pending(RTU_IDlE,0);
  81   2        }
  82   1      
  83   1        //start process send cmd
  84   1        rtu_structure.event = EV_FRAME_SENT;
  85   1        RTU_Send_Cmd(rtu_structure.processed);
  86   1        rtu_structure.repeat = 3;
  87   1        rtu_structure.event = EV_EXECUTE;
  88   1        //rtu_structure.cmd[rtu_structure.processed] = RTU_IDlE;
  89   1        rtu_structure.processed = ++rtu_structure.processed % MAX_BUFFER_NUMBER;
  90   1      }
  91          //dispose receive_data
  92          void API_Callback_Handler(API_StructDef* request, API_Data_StructDef* response_data)
  93          {
  94   1        unsigned short idata addr=0;
  95   1        unsigned short idata index=0;
  96   1        unsigned short* dat = request->Data;
  97   1        response_data = 0;
  98   1        addr = RTU_MEM(request->addr);
  99   1        switch(request->funcode)
 100   1        {
 101   2          case RTU_FUNC_CODE_RD:
 102   2            for(index = 0;index<request->len;index++)
 103   2            {
 104   3              usRegHoldingBuf[addr+index].dat[0] = request->Data[index];
 105   3            }
 106   2          break;
 107   2          case RTU_FUNC_CODE_WR:
 108   2            break;
 109   2          case RTU_FUNC_CODE_CWR:
 110   2          break;
 111   2          case RTU_FUNC_CODE_ERROR:
 112   2            
 113   2          break;
 114   2          default: break;
 115   2        }
C51 COMPILER V9.60.7.0   RTU_PROCESS                                                       01/07/2026 11:25:15 PAGE 3   

 116   1      }


MODULE INFORMATION:   STATIC OVERLAYABLE
   CODE SIZE        =    755    ----
   CONSTANT SIZE    =   ----    ----
   XDATA SIZE       =   ----      13
   PDATA SIZE       =   ----    ----
   DATA SIZE        =   ----    ----
   IDATA SIZE       =   ----       4
   BIT SIZE         =   ----    ----
   EDATA SIZE       =   ----    ----
   HDATA SIZE       =   ----    ----
   XDATA CONST SIZE =   ----    ----
   FAR CONST SIZE   =   ----    ----
END OF MODULE INFORMATION.


C51 COMPILATION COMPLETE.  0 WARNING(S),  0 ERROR(S)
