C51 COMPILER V9.60.7.0   START_WIN                                                         01/07/2026 11:25:16 PAGE 1   


C51 COMPILER V9.60.7.0, COMPILATION OF MODULE START_WIN
OBJECT MODULE PLACED IN ..\OBJ\start_win.obj
COMPILER INVOKED BY: D:\Keil_v5\C51\BIN\C51.EXE ..\GUI_APP\start_win.c LARGE OMF2 OPTIMIZE(3,SIZE) BROWSE INCDIR(..\USER
                    -;..\FUNC_HANDLER;..\GUI_APP;..\HANDWARE\NOR_FLASH;..\HANDWARE\USART;..\T5LDriver) DEBUG PRINT(..\OBJ\start_win.lst) TABS
                    -(2) OBJECT(..\OBJ\start_win.obj)

line level    source

   1          #include <stdio.h>
   2          #include <string.h>
   3          #include "func_handler.h"
   4          #include "nor_flash.h"
   5          #include "start_win.h"
   6          #include "motor_cmd.h"
   7          #include "main.h"
   8          
   9          code const char Software_version[11]={"V4.28"};
  10          code const char modle_version[11]={"--------"};
  11          Product_TypeDef product_data[PRODUCT_TOTAL]={  
  12          //                                1: MM         1: SS
  13          //                                2:circle      2: MM
  14          //                                              3: MM:SS
  15          //id,product name,   level        cycle    work_time     pause_time    voltage     current
  16          { 0,  "GT300",      180,1800,      1,99,     1,5999,      1,5999,     500,3900,   1000,16000},
  17          { 0,  "GT50",       900,1800,      1,99,     1,5999,      1,5999,     980,1850,     65,3500},
  18          };
  19          
  20          
  21          
  22          STR_WIN_TypeDef xdata win_str_data;
  23          
  24          //man page button handler API
  25          static void win_main_btn_click_handler(u16 btn_val);
  26          //work parameters settings page
  27          static void win_test_para_btn_hold_handler(u16 btn_val);
  28          static void win_prog_para_btn_hold_handler(u16 btn_val);
  29          static void win_para_keypad_btn_click_handler(u16 btn_val);
  30          static void win_factory_keypad_btn_click_handler(u16 btn_val);
  31          static void win_pass_keypad_btn_click_handler(u16 btn_val);
  32          static void win_prog_num_sel_btn_click_handler(u16 btn_val);
  33          //background page button handler API
  34          static void win_light_set_btn_hold_handler(u16 btn_val);
  35          static void win_language_set_btn_hold_handler(u16 btn_val);
  36          static void win_buzz_set_btn_hold_handler(u16 btn_val);
  37          static void win_passcode_btn_click_handler(u16 val);
  38          //factory page button handler api
  39          static void win_fac_set_btn_click_handler(u16 btn_val);
  40          //function
  41          static void win_calc_function(void);
  42          static void win_change_page(u16 page);
  43          static void win_load_setpara(void);
  44          static u8 win_product_select(u16 page,u16 save);
  45          
  46          void win_fresh_model_icon(u16 mode);
  47          typedef enum{
  48            MENU_PAGE = 0,   //˛ËµĄ˝çĂć
  49            FAC_PAGE1,
  50            FAC_PAGE2,
  51            FAC_KEYBORD,
  52            INFO_PAGE_COMPANY,
  53            INFO_PAGE_NO_COMPANY,
C51 COMPILER V9.60.7.0   START_WIN                                                         01/07/2026 11:25:16 PAGE 2   

  54            SYSTEM_PAGE,
  55            PASSWORD_PAGE,
  56            PASSWORD_CONFIRM_PAGE,
  57            WORK_PAGE,
  58            WORK_CONFIRM_PAGE,
  59            TEST_PAGE,
  60            TEST_CONFIRM_PAGE,
  61            PROGRAM_PAGE,
  62            PROGRAM_CONFIRM_PAGE,
  63            BACK_PAGE,
  64          }Change_Page_Def;
  65          
  66          static int Limit_Sat( int Uint,int U_max, int U_min) //ĎŢÖĆ¸łÖµşŻĘý
  67          {
  68   1        int Uout;
  69   1        if(Uint<= U_min)
  70   1          Uout= U_min;
  71   1        else if( Uint>=U_max)
  72   1          Uout=U_max;
  73   1        else
  74   1          Uout= Uint;
  75   1        return  Uout;
  76   1      }
  77          
  78          
  79          //µă»÷°´Ľü´¦Ŕí»Řµ÷şŻĘý
  80          void btn_click_callback(u16 addr,u16 val)  //´¦ŔíşóÇĺÁă
  81          {
  82   1        switch(addr)
  83   1        {
  84   2          case BTN_MAIN_PAGE_ADDR:        //Main page button   0x1100 
  85   2              win_main_btn_click_handler(val);
  86   2            break;
  87   2          case BTN_PARA_KEYPAD_ADDR:      //˛ÎĘýÉčÖĂĘý×Ö°´Ľü
  88   2              win_para_keypad_btn_click_handler(val);
  89   2            break;
  90   2          case BTN_FACTORY_KEYPAD_ADDR:   //ą¤ł§ÄŁĘ˝Ęý×Ö°´Ľü
  91   2              win_factory_keypad_btn_click_handler(val);
  92   2            break;
  93   2          case BTN_PROG_NUM_SEL_ADDR:     //łĚĐňÉčÖĂŇłĂć×óÓŇ·­Ňł
  94   2              win_prog_num_sel_btn_click_handler(val);
  95   2            break;
  96   2          case BTN_PASS_KEYPAD_ADDR:      //ĂÜÂëŇłĂć 0X1202 
  97   2              win_pass_keypad_btn_click_handler(val);
  98   2            break;
  99   2          case BTN_FAC_SET_ADDR:          //ą¤ł§˝çĂć0X1300
 100   2              win_fac_set_btn_click_handler(val);
 101   2            break;
 102   2          
 103   2          default:
 104   2            break;
 105   2        }
 106   1      }
 107          //±ŁłÖ°´Ľü´¦Ŕí»Řµ÷şŻĘý
 108          void btn_hold_res_callback(u16 addr,u16 val)   //°´ĹĄÖµ¸Ä±äÔŮ˝řČë
 109          {
 110   1        STR_WIN_TypeDef *obj = &win_str_data;
 111   1        switch(addr)
 112   1        {
 113   2          case BTN_TEST_MODE_SET_ADDR:    //˛ÎĘýÉčÖĂ0X1110
 114   2            win_test_para_btn_hold_handler(val);
 115   2            break;
C51 COMPILER V9.60.7.0   START_WIN                                                         01/07/2026 11:25:16 PAGE 3   

 116   2          case BTN_PROG_MODE_SET_ADDR:    //łĚĐňÉčÖĂ0X1112
 117   2            win_prog_para_btn_hold_handler(val);
 118   2            break;
 119   2          case BTN_SET_LIGHT_ADDR:
 120   2            win_light_set_btn_hold_handler(val);    
 121   2            break;
 122   2          case BTN_LANGUAGE_ADDR:
 123   2            win_language_set_btn_hold_handler(val);
 124   2            break;
 125   2          case BTN_SET_BUZZ_ADDR:
 126   2            win_buzz_set_btn_hold_handler(val);
 127   2            break;
 128   2          case BTN_SET_LEVEL_ADDR:
 129   2            if(win_str_data.test_mode == 0)
 130   2              {
 131   3                win_str_data.use_level = val;
 132   3                sys_write_vp(BTN_SET_LEVEL_ADDR,(u8 *)&win_str_data.use_level,1);//hjy 20220805
 133   3                win_disp_level(MAIN_TIMER,win_str_data.use_level);
 134   3              }
 135   2              else
 136   2              {
 137   3                sys_write_vp(BTN_SET_LEVEL_ADDR,(u8 *)&win_str_data.use_level,1);
 138   3              }
 139   2              
 140   2            break;
 141   2      
 142   2              
 143   2          default:
 144   2            break;
 145   2        }
 146   1      }
 147          void btn_hold_click_callback(u16 addr,u16 val)
 148          {
 149   1        STR_WIN_TypeDef *obj = &win_str_data;
 150   1        val =0;
 151   1        if(win_str_data.start == 1) return;
 152   1        switch(addr)
 153   1        {   
 154   2          default:
 155   2            break;
 156   2        }
 157   1      }
 158          //±ŁłÖĘ±Ľä°´Ľüµ˝Ę±»Řµ÷şŻĘý
 159          void btn_hold_callback(u16 addr,u16 val)
 160          {
 161   1        STR_WIN_TypeDef *obj = &win_str_data;
 162   1        val =0;
 163   1        if(win_str_data.start == 1) return;
 164   1        switch(addr)
 165   1        {
 166   2          default:
 167   2            break;
 168   2        }
 169   1      }
 170          //////////////////////////////////////////////////////////////////////////////////////////////////////////
             -///////
 171          
 172          //////////////////////////////////ą¦ÄÜµ÷ÓĂ×ÓşŻĘý//////////////////////////////////////////////////////////
             -///////
 173          
 174          static void win_calc_function(void)
 175          {
C51 COMPILER V9.60.7.0   START_WIN                                                         01/07/2026 11:25:16 PAGE 4   

 176   1        float xdata temp,temp1;
 177   1        STR_WIN_TypeDef *obj = &win_str_data; 
 178   1        temp = product_data[win_str_data.product_id].vol_max-product_data[win_str_data.product_id].vol_min;
 179   1        temp1 = product_data[win_str_data.product_id].para1.max-product_data[win_str_data.product_id].para1.min;
 180   1        win_str_data.k_factor = temp/temp1;
 181   1        
 182   1        temp = win_str_data.k_factor*product_data[win_str_data.product_id].para1.min;
 183   1        win_str_data.b_factor = product_data[win_str_data.product_id].vol_min-temp;
 184   1      }
 185          //load bar display 
 186          static void win_main_bar_disp_handler(u16 percent)
 187          {
 188   1        SHAPE_DATA_AREA_COPY xdata  shape_copy;
 189   1        #define X_S 10
 190   1        #define Y_S 314
 191   1        #define Y_E 347
 192   1        float i;
 193   1        STR_WIN_TypeDef *obj = &win_str_data;
 194   1        
 195   1        i = percent;
 196   1        i = 4.66*i;
 197   1        i = i+10;
 198   1        shape_copy.vp = SHAPE_LOAD_BAR_ADDR;
 199   1        shape_copy.shape_type = SHAPE_TYPE_AREA_COPY;
 200   1        shape_copy.shape_num = 1;
 201   1        shape_copy.pic_id = 14;
 202   1        shape_copy.xs = X_S;
 203   1        shape_copy.ys = Y_S;
 204   1        shape_copy.xe = (u16)i;
 205   1        shape_copy.ye = Y_E;
 206   1        shape_copy.x = X_S;
 207   1        shape_copy.y = Y_S;
 208   1        sys_draw_shape((u16*)&shape_copy);  
 209   1      }
 210          /*****************Ë˘ĐÂ¸şÔŘĚő**********************/
 211          void win_fresh_load_bar(u16 current)
 212          {
 213   1        static u16 load_fresh_ratio;
 214   1        float load_pencent;
 215   1      
 216   1        STR_WIN_TypeDef *obj = &win_str_data;
 217   1        if(load_fresh_ratio >0) load_fresh_ratio--; 
 218   1        if(load_fresh_ratio ==0)
 219   1        {
 220   2          load_fresh_ratio = 200;//5hz
 221   2          if(win_str_data.start == 1)
 222   2          {
 223   3            if(current < product_data[win_str_data.product_id].cur_min) current = product_data[win_str_data.product
             -_id].cur_min;
 224   3            load_pencent = current - product_data[win_str_data.product_id].cur_min;
 225   3            
 226   3            load_pencent = load_pencent/(product_data[win_str_data.product_id].cur_max -product_data[win_str_data.p
             -roduct_id].cur_min)*100; 
 227   3            if(load_pencent >100) load_pencent= 100;
 228   3          }
 229   2          else 
 230   2          {
 231   3            load_pencent = 0;
 232   3          }
 233   2          win_main_bar_disp_handler(load_pencent);  
 234   2        } 
 235   1      }
C51 COMPILER V9.60.7.0   START_WIN                                                         01/07/2026 11:25:16 PAGE 5   

 236          
 237          u16 const page_reg[16]={            //ÖĐÎÄ˝çĂć
 238            { 1},  //MENU_PAGE
 239            { 3},  //FAC_PAGE1
 240            { 4},  //FAC_PAGE2
 241            { 5},  //FAC_KEYBORD
 242            { 6},  //INFO_PAGE_COMPANY
 243            { 7},  //INFO_PAGE_NO_COMPANY
 244            { 8},  //SYSTEM_PAGE2
 245            { 9},  //PASSWORD_PAGE
 246            {10},  //PASSWORD_PAGE_CONFIRM
 247            {12},  //WORK_PAGE
 248            {13},  //WORK_PAGE_CONFIRM
 249            {18},  //TEST_PAGE
 250            {19},  //TEST_PAGE_CONFIRM
 251            {21},  //PROGRAM_PAGE
 252            {22},  //PROGRAM_PAGE_CONFIRM
 253            };
 254          
 255          
 256          static void win_change_page(u16 page)    //ÇĐ»»´°żÚŇłĂć
 257          {
 258   1        u16 xdata temp;
 259   1      
 260   1        temp = page_reg[page];  //English
 261   1        //fresh page
 262   1        switch(page)
 263   1        {
 264   2          case WORK_PAGE:
 265   2            
 266   2              win_str_data.disp_count_time = ((u32)win_str_data.use_cycle * (win_str_data.use_run_time + win_str_dat
             -a.use_pause_time)) - win_str_data.use_pause_time;
 267   2          
 268   2              win_disp_level(MAIN_TIMER,win_str_data.use_level);
 269   2              win_disp_cycle(MAIN_TIMER,win_str_data.use_cycle);
 270   2              win_disp_run_time(MAIN_TIMER,win_str_data.use_run_time);
 271   2              win_disp_pause_time(MAIN_TIMER,win_str_data.use_pause_time);
 272   2          
 273   2            break;
 274   2          
 275   2          case TEST_PAGE:
 276   2            win_disp_level(SET_TIMER,win_str_data.set_level);
 277   2            win_disp_cycle(SET_TIMER,win_str_data.set_cycle);
 278   2            win_disp_run_time(SET_TIMER,win_str_data.set_run_time);
 279   2            win_disp_pause_time(SET_TIMER,win_str_data.set_pause_time);
 280   2            break;
 281   2      
 282   2          case PROGRAM_PAGE:
 283   2            win_disp_level(SET_TIMER,win_str_data.set_level);   //ĎÔĘľÉčÖĂÖµ
 284   2            win_disp_cycle(SET_TIMER,win_str_data.set_cycle);
 285   2            win_disp_run_time(SET_TIMER,win_str_data.set_run_time);
 286   2            win_disp_pause_time(SET_TIMER,win_str_data.set_pause_time);
 287   2            
 288   2            win_disp_level(PROG_TIMER,win_str_data.prog_level); //ĎÔĘľłĚĐňÖµ
 289   2            win_disp_cycle(PROG_TIMER,win_str_data.prog_cycle);
 290   2            win_disp_run_time(PROG_TIMER,win_str_data.prog_run_time);
 291   2            win_disp_pause_time(PROG_TIMER,win_str_data.prog_pause_time);
 292   2            break;
 293   2          
 294   2            default:
 295   2            break;
 296   2        }
C51 COMPILER V9.60.7.0   START_WIN                                                         01/07/2026 11:25:16 PAGE 6   

 297   1        //goto page
 298   1        sys_disp_page(temp);
 299   1      }
 300          /*********************ŃˇÔńŇÇĆ÷ĐÍşĹ**************************/
 301          static u8 win_product_select(u16 page,u16 save)
 302          {
 303   1        u16 xdata index_id,temp,no;
 304   1        u16 xdata i,rang1,rang2;
 305   1        u32 xdata save_flag1;
 306   1        STR_WIN_TypeDef *obj = &win_str_data; 
 307   1      
 308   1        // total page
 309   1        win_str_data.product_tpage = (PRODUCT_TOTAL-1)/5+1;
 310   1        sys_write_vp(DATA_PRODUCT_TOTALPAGE_ADDR,(u8*)&win_str_data.product_tpage,2);
 311   1        if((page > win_str_data.product_tpage)||(page == 0)) return 1;
 312   1        // current page
 313   1        sys_write_vp(DATA_PRODUCT_CURPAGE_ADDR,(u8*)&page,2); 
 314   1        if(save ==1)
 315   1        {
 316   2          sys_read_vp(BTN_FAC_SEL_ADDR,(u8*)&no,2);
 317   2          if(no == 1) no=0;         //ŃˇÔńŇÇĆ÷ŇłĂć   µÚ1żî
 318   2          else if(no == 2) no=1;    //µÚ2żî
 319   2          else if(no ==4) no = 2;   //µÚ3żî
 320   2          else if(no ==8) no =3;    //µÚ4żî
 321   2          else if(no == 16) no =4;  //µÚ5żî
 322   2          else no =0;
 323   2          no = (page-1)*5+no;
 324   2          if(no>=PRODUCT_TOTAL) return 1;
 325   2          win_str_data.product_id = no;
 326   2          norflash_write(SYS_PRUDUCT_OFFSET,(u8*)&win_str_data.product_id,2);
 327   2          
 328   2          save_flag1 = 0;  //ÇĐ»»»úĐÍĘ±Ł¬˛»¶ÁČˇ±Ł´ćµÄĘýľÝ
 329   2          norflash_write(SAVE_FLAG,(u8 *)&save_flag1,2);
 330   2          
 331   2          return 0;
 332   2        }
 333   1        //fresh select block
 334   1        rang1 = page;
 335   1        rang2 = page;
 336   1        rang1=(rang1-1)*5;
 337   1        rang2= rang2*5;
 338   1        if((win_str_data.product_id < rang2)&&(win_str_data.product_id  >= rang1))
 339   1        {
 340   2          temp = 1<<(win_str_data.product_id %5);
 341   2          sys_write_vp(BTN_FAC_SEL_ADDR,(u8*)&temp,2);
 342   2        }
 343   1        else
 344   1        {
 345   2          temp =0;
 346   2          sys_write_vp(BTN_FAC_SEL_ADDR,(u8*)&temp,2);
 347   2        }
 348   1        index_id = page;
 349   1        index_id = (index_id-1)*5;
 350   1        //fresh form
 351   1        for(i =0;i<5;i++)
 352   1        {
 353   2          //id
 354   2          sys_write_vp(DATA_PRODUCT_ID1_ADDR+i*2,(u8*)&index_id,2);
 355   2          if(index_id<PRODUCT_TOTAL)
 356   2          {
 357   3            sys_write_vp(DATA_PRODUCT_P1MIN1_ADDR+i*2,(u8*)&product_data[index_id].para1.min,2);  
 358   3            sys_write_vp(DATA_PRODUCT_P1MAX1_ADDR+i*2,(u8*)&product_data[index_id].para1.max,2);  
C51 COMPILER V9.60.7.0   START_WIN                                                         01/07/2026 11:25:16 PAGE 7   

 359   3            sys_write_vp(DATA_PRODUCT_VOLMIN1_ADDR+i*2,(u8*)&product_data[index_id].vol_min,2); 
 360   3            sys_write_vp(DATA_PRODUCT_VOLMAX1_ADDR+i*2,(u8*)&product_data[index_id].vol_max,2);
 361   3            sys_write_vp(DATA_PRODUCT_CURMIN1_ADDR+i*2,(u8*)&product_data[index_id].cur_min,2); 
 362   3            sys_write_vp(DATA_PRODUCT_CURMAX1_ADDR+i*2,(u8*)&product_data[index_id].cur_max,2); 
 363   3            sys_write_vp(STRING_PRODUCT_NAME1_ADDR+i*0x100,(u8*)product_data[index_id].name,sizeof(product_data[ind
             -ex_id].name));    
 364   3          }
 365   2          else
 366   2          {
 367   3            temp = 0;
 368   3            sys_write_vp(DATA_PRODUCT_P1MIN1_ADDR+i*2,(u8*)&temp,2);  
 369   3            sys_write_vp(DATA_PRODUCT_P1MAX1_ADDR+i*2,(u8*)&temp,2);  
 370   3            sys_write_vp(DATA_PRODUCT_P1UNIT1_ADDR+i*2,(u8*)&temp,2);
 371   3            sys_write_vp(DATA_PRODUCT_VOLMIN1_ADDR+i*2,(u8*)&temp,2); 
 372   3            sys_write_vp(DATA_PRODUCT_VOLMAX1_ADDR+i*2,(u8*)&temp,2); 
 373   3            sys_write_vp(DATA_PRODUCT_CURMIN1_ADDR+i*2,(u8*)&temp,2); 
 374   3            sys_write_vp(DATA_PRODUCT_CURMAX1_ADDR+i*2,(u8*)&temp,2); 
 375   3            sys_write_vp(DATA_PRODUCT_CCW1_ADDR+i*2,(u8*)&temp,2);        
 376   3            sys_write_vp(STRING_PRODUCT_NAME1_ADDR+i*0x100,"--",2);       
 377   3          } 
 378   2          index_id++;   
 379   2        } 
 380   1        return 0;
 381   1      }
 382          
 383          
 384          //---------------------------------------------------------------//
 385          //name: win_load_setpara
 386          //---------------------------------------------------------------//
 387          static void win_load_setpara(void)
 388          {
 389   1        //1.load startup logo
 390   1        if(win_str_data.logo >0) win_str_data.logo = 4;
 391   1        sys_write_vp(ANIMOTION_LOGO_ADDR,(u8*)&win_str_data.logo,2);  //no logo for oem
 392   1      
 393   1        if(win_str_data.light>100) win_str_data.light = 100;
 394   1        if(win_str_data.light<10) win_str_data.light = 10;
 395   1        sys_setdis_light(win_str_data.light);
 396   1        sys_write_vp(BTN_SET_LIGHT_ADDR,(u8*)&win_str_data.light,1);  
 397   1      
 398   1        if(win_str_data.alarm > 1) win_str_data.alarm = 1;
 399   1        if(win_str_data.alarm < 0) win_str_data.alarm = 0;
 400   1        sys_enable_speaker(1-win_str_data.alarm);   
 401   1        sys_write_vp(BTN_SET_BUZZ_ADDR,(u8*)&win_str_data.alarm,1);
 402   1        
 403   1        if(win_str_data.language >= 3) win_str_data.language = 3;
 404   1        if(win_str_data.language <= 0) win_str_data.language = 0; 
 405   1        sys_write_vp(BTN_LANGUAGE_ADDR,(u8*)&win_str_data.language,1);
 406   1      }
 407          
 408          //////////////////////////////////////////////////////////////////////////////////////////////////////////
             -/////
 409          //////////////////////////////////////////ĘÂĽţ´¦ŔíşŻĘý////////////////////////////////////////////////////
             -//////
 410          //////////////////////////////////////////////////////////////////////////////////////////////////////////
             -/////
 411          //´¦ŔíÖ÷˝çĂć°´ĹĄµă»÷ĘÂĽţ  
 412          static void win_main_btn_click_handler(u16 btn_val)
 413          {
 414   1        #define  BTN_VAL_START       0X01    //start
 415   1        #define  BTN_VAL_PAUSE       0X02    //pause
 416   1        #define  BTN_VAL_STOP        0X03    //stop 
C51 COMPILER V9.60.7.0   START_WIN                                                         01/07/2026 11:25:16 PAGE 8   

 417   1        
 418   1        #define  BTN_VAL_TEST        0X05    //test mode
 419   1        #define  BTN_VAL_MENU        0X06    //
 420   1        #define  BTN_VAL_SET         0X07    //settings into
 421   1        #define  BTN_VAL_CONFIRM     0X08    //Confirm startup
 422   1        #define  BTN_VAL_INFO        0X09
 423   1        #define  BTN_VAL_BACK_MAIN   0X0A    //settings background
 424   1        #define  BTN_VAL_BACK_MENU   0X0B    //settings background
 425   1        #define  BTN_VAL_RESET       0X0C
 426   1        
 427   1      
 428   1        u16 xdata temp = 0;
 429   1        STR_WIN_TypeDef *obj = &win_str_data;
 430   1        switch(btn_val)
 431   1        {
 432   2          case BTN_VAL_START:     //Page1:Push Start
 433   2            if(win_str_data.pause == 1)   //pause state  ÔÝÍŁ×´Ě¬
 434   2            {
 435   3              win_str_data.start = 1;
 436   3              win_str_data.pause = 0;
 437   3            }
 438   2            else if((win_str_data.pause == 0)&&(win_str_data.start == 0))
 439   2            {
 440   3              win_change_page(WORK_CONFIRM_PAGE);       // goto set work parameters page(Popup Window)
 441   3            }
 442   2            break;
 443   2          case BTN_VAL_CONFIRM://Page13:********************  µŻ´°˝çĂćČ·¶¨Ćô¶Ż
 444   2              win_str_data.start = 1;
 445   2              win_str_data.pause = 0;
 446   2              win_change_page(WORK_PAGE);
 447   2            break;
 448   2          case BTN_VAL_STOP:     //Page1:push Stop************************
 449   2                win_str_data.start = 0;
 450   2                win_str_data.pause = 0;
 451   2            break;
 452   2          case BTN_VAL_PAUSE:     //Page1:push pause***********************
 453   2              if(win_str_data.start != 0)
 454   2              {
 455   3                win_str_data.start = 0;
 456   3                win_str_data.pause = 1;
 457   3              }
 458   2            break; 
 459   2          case BTN_VAL_TEST:      //Page1:selected test mode****************
 460   2              if((win_str_data.pause == 1)||(win_str_data.start != 0)) break;
 461   2              win_str_data.test_mode = 0;
 462   2              win_str_data.prog_grp = 0;
 463   2              sys_write_vp(ARTNUM_MAIN_PROG_NUM_ADDR,(u8*)&win_str_data.prog_grp,1);
 464   2              win_fresh_model_icon(win_str_data.test_mode);
 465   2              norflash_write(SYS_LAST_PROG_OFFSET,(u8*)&win_str_data.prog_grp,2);  // save prog_grp com_prog_grp
 466   2              win_load_prog_paras(PROG_LEVEL_OFFSET,(u8*)&win_str_data.use_level,4);
 467   2      
 468   2              win_disp_level(MAIN_TIMER,win_str_data.use_level);
 469   2              win_disp_cycle(MAIN_TIMER,win_str_data.use_cycle);
 470   2              win_disp_run_time(MAIN_TIMER,win_str_data.use_run_time);
 471   2              win_disp_pause_time(MAIN_TIMER,win_str_data.use_pause_time);
 472   2            break;
 473   2          case BTN_VAL_SET:         //Page1:Setting*****************************
 474   2              Fresh_Service_Time();
 475   2              win_change_page(SYSTEM_PAGE);
 476   2            break;
 477   2          case BTN_VAL_BACK_MAIN:
 478   2              win_change_page(WORK_PAGE);
C51 COMPILER V9.60.7.0   START_WIN                                                         01/07/2026 11:25:16 PAGE 9   

 479   2            break;
 480   2          case BTN_VAL_BACK_MENU:
 481   2              win_change_page(MENU_PAGE);
 482   2            break;
 483   2          case BTN_VAL_MENU:
 484   2              if((win_str_data.pause == 1)||(win_str_data.start != 0)) break;  //ČçąűĘÇÔÝÍŁ×´Ě¬»ňŐß˛»ĘÇÍŁÖą×´Ě¬
 485   2                win_change_page(MENU_PAGE);
 486   2            break;
 487   2          case BTN_VAL_INFO:
 488   2            if(win_str_data.logo == 4) //no logo
 489   2              win_change_page(INFO_PAGE_NO_COMPANY);
 490   2            else
 491   2              win_change_page(INFO_PAGE_COMPANY);
 492   2            break;
 493   2          case BTN_VAL_RESET:
 494   2              win_change_page(PASSWORD_PAGE);
 495   2            break;    
 496   2          default:
 497   2            break;
 498   2        }
 499   1      }
 500          
 501          
 502          #define  BTN_VAL_NO         0X1C00
 503          #define  BTN_VAL_YES        0X1400 //µŻ´°ˇĚ
 504          #define  BTN_VAL_RETURN     0X1000 //·µ»Ř
 505          #define  BTN_VAL_UPSET      0X0C00 //łĚĐňÉčÖĂÉĎ´«˛ÎĘý
 506          #define  BTN_VAL_OVERSET    0X0800 //¸˛¸ÇłĚĐň
 507          #define  BTN_VAL_TOSET      0X0400 //Ö÷ŇłĂćŃˇÔńżň'
 508          
 509          #define  BTN_VAL_SEL_CYCLE          0X04   //×ÜĘ±Ľä   total time
 510          #define  BTN_VAL_SEL_PAUSE_TIME     0X03   //ÔÝÍŁĘ±Ľä pause time
 511          #define  BTN_VAL_SEL_RUN_TIME       0X02   //ÔËĐĐĘ±Ľä rum time
 512          #define  BTN_VAL_SEL_LEVEL          0X01   //×ŞËŮ/Őń·ů
 513          void disp_input_icon(u16 btn_val)
 514          {
 515   1        sys_write_vp(ICON_INPUT1_ADDR,(u8 *)&win_str_data.input_disp1,4);
 516   1        if(win_str_data.language == 0)  //CN 
 517   1        {
 518   2          if(btn_val == BTN_VAL_SEL_LEVEL) win_str_data.input_disp1 = win_str_data.input_disp1;
 519   2          if(btn_val == BTN_VAL_SEL_RUN_TIME) win_str_data.input_disp2 = win_str_data.input_disp2;
 520   2          if(btn_val == BTN_VAL_SEL_PAUSE_TIME) win_str_data.input_disp3 = win_str_data.input_disp3;
 521   2          if(btn_val == BTN_VAL_SEL_CYCLE) win_str_data.input_disp4 = win_str_data.input_disp4;
 522   2          sys_write_vp(ICON_INPUT1_WORD_ADDR,(u8 *)&win_str_data.input_disp1,4);
 523   2        }
 524   1        else if(win_str_data.language == 1)  //EN
 525   1        {
 526   2          if(btn_val == BTN_VAL_SEL_LEVEL) win_str_data.input_disp1 = win_str_data.input_disp1 + 1;
 527   2          if(btn_val == BTN_VAL_SEL_RUN_TIME) win_str_data.input_disp2 = win_str_data.input_disp2 + 1;
 528   2          if(btn_val == BTN_VAL_SEL_PAUSE_TIME) win_str_data.input_disp3 = win_str_data.input_disp3 + 1;
 529   2          if(btn_val == BTN_VAL_SEL_CYCLE) win_str_data.input_disp4 = win_str_data.input_disp4 + 1;
 530   2          sys_write_vp(ICON_INPUT1_WORD_ADDR,(u8 *)&win_str_data.input_disp1,4);
 531   2        }
 532   1        else if(win_str_data.language == 2)  //RUS
 533   1        {
 534   2          if(btn_val == BTN_VAL_SEL_LEVEL) win_str_data.input_disp1 = win_str_data.input_disp1 + 2;
 535   2          if(btn_val == BTN_VAL_SEL_RUN_TIME) win_str_data.input_disp2 = win_str_data.input_disp2 + 2;
 536   2          if(btn_val == BTN_VAL_SEL_PAUSE_TIME) win_str_data.input_disp3 = win_str_data.input_disp3 + 2;
 537   2          if(btn_val == BTN_VAL_SEL_CYCLE) win_str_data.input_disp4 = win_str_data.input_disp4 + 2;
 538   2          sys_write_vp(ICON_INPUT1_WORD_ADDR,(u8 *)&win_str_data.input_disp1,4);
 539   2        }
 540   1        else  //JAPAN
C51 COMPILER V9.60.7.0   START_WIN                                                         01/07/2026 11:25:16 PAGE 10  

 541   1        {
 542   2          if(btn_val == BTN_VAL_SEL_LEVEL) win_str_data.input_disp1 = win_str_data.input_disp1 + 3;
 543   2          if(btn_val == BTN_VAL_SEL_RUN_TIME) win_str_data.input_disp2 = win_str_data.input_disp2 + 3;
 544   2          if(btn_val == BTN_VAL_SEL_PAUSE_TIME) win_str_data.input_disp3 = win_str_data.input_disp3 + 3;
 545   2          if(btn_val == BTN_VAL_SEL_CYCLE) win_str_data.input_disp4 = win_str_data.input_disp4 + 3;
 546   2          sys_write_vp(ICON_INPUT1_WORD_ADDR,(u8 *)&win_str_data.input_disp1,4);
 547   2        }
 548   1      }
 549          /********************************************************
 550          şŻĘýĂűłĆŁşwin_work_para_btn_hold_handler
 551          şŻĘýą¦ÄÜŁş˛ÎĘýÉčÖĂ´¦ŔíşŻĘý
 552          *********************************************************/
 553          static void win_test_para_btn_hold_handler(u16 btn_val)
 554          {
 555   1        u16 xdata temp;
 556   1        STR_WIN_TypeDef *obj = &win_str_data;
 557   1        if(win_str_data.paras_sel == BTN_VAL_SEL_LEVEL)
 558   1        {
 559   2          if(win_str_data.set_level > product_data[win_str_data.product_id].para1.max) win_str_data.set_level = pr
             -oduct_data[win_str_data.product_id].para1.max;
 560   2          else if(win_str_data.set_level < product_data[win_str_data.product_id].para1.min) win_str_data.set_level
             - = product_data[win_str_data.product_id].para1.min; 
 561   2          win_disp_level(SET_TIMER,win_str_data.set_level);         
 562   2        }
 563   1        else if(win_str_data.paras_sel == BTN_VAL_SEL_CYCLE)   //×ÜÔËĐĐĘ±Ľä
 564   1        {
 565   2          if(win_str_data.set_cycle > product_data[win_str_data.product_id].para2.max) win_str_data.set_cycle = pr
             -oduct_data[win_str_data.product_id].para2.max;
 566   2          else if(win_str_data.set_cycle < product_data[win_str_data.product_id].para2.min) win_str_data.set_cycle
             - = product_data[win_str_data.product_id].para2.min;
 567   2          win_disp_cycle(SET_TIMER,win_str_data.set_cycle);         
 568   2        }
 569   1        else if(win_str_data.paras_sel == BTN_VAL_SEL_RUN_TIME)
 570   1        {
 571   2          if(win_str_data.set_run_time > product_data[win_str_data.product_id].para3.max) win_str_data.set_run_tim
             -e = product_data[win_str_data.product_id].para3.max;
 572   2          else if(win_str_data.set_run_time < product_data[win_str_data.product_id].para3.min) win_str_data.set_ru
             -n_time = product_data[win_str_data.product_id].para3.min;
 573   2          win_disp_run_time(SET_TIMER,win_str_data.set_run_time);         
 574   2        }
 575   1        else if(win_str_data.paras_sel == BTN_VAL_SEL_PAUSE_TIME) 
 576   1        {
 577   2          if(win_str_data.set_pause_time > product_data[win_str_data.product_id].para4.max) win_str_data.set_pause
             -_time = product_data[win_str_data.product_id].para4.max;
 578   2          else if(win_str_data.set_pause_time < product_data[win_str_data.product_id].para4.min) win_str_data.set_
             -pause_time = product_data[win_str_data.product_id].para4.min;
 579   2          win_disp_pause_time(SET_TIMER,win_str_data.set_pause_time);               
 580   2        }
 581   1        switch(btn_val)
 582   1        {
 583   2          case BTN_VAL_SEL_LEVEL:
 584   2              win_str_data.input_disp1 = 0x01;
 585   2              win_str_data.input_disp2 = 0x00;
 586   2              win_str_data.input_disp3 = 0x00;
 587   2              win_str_data.input_disp4 = 0x00;
 588   2              disp_input_icon(btn_val);
 589   2              win_str_data.paras_sel = btn_val;
 590   2            break;    
 591   2          case BTN_VAL_SEL_RUN_TIME:
 592   2              win_str_data.input_disp1 = 0x00;
 593   2              win_str_data.input_disp2 = 0x01;
 594   2              win_str_data.input_disp3 = 0x00;
C51 COMPILER V9.60.7.0   START_WIN                                                         01/07/2026 11:25:16 PAGE 11  

 595   2              win_str_data.input_disp4 = 0x00;
 596   2              disp_input_icon(btn_val);
 597   2              win_str_data.paras_sel = btn_val;
 598   2          
 599   2              win_str_data.set_run_time_bit = 4;
 600   2              win_str_data.set_run_time = 0;
 601   2              win_disp_run_time(SET_TIMER,win_str_data.set_run_time);   
 602   2            break;
 603   2          case BTN_VAL_SEL_PAUSE_TIME:
 604   2              win_str_data.input_disp1 = 0x00;
 605   2              win_str_data.input_disp2 = 0x00;
 606   2              win_str_data.input_disp3 = 0x01;
 607   2              win_str_data.input_disp4 = 0x00;
 608   2              disp_input_icon(btn_val);
 609   2              win_str_data.paras_sel = btn_val;
 610   2              
 611   2              win_str_data.set_pause_time_bit = 4;
 612   2              win_str_data.set_pause_time = 0;
 613   2              win_disp_pause_time(SET_TIMER,win_str_data.set_pause_time);     
 614   2            break;
 615   2          case BTN_VAL_SEL_CYCLE:
 616   2              win_str_data.input_disp1 = 0x00;
 617   2              win_str_data.input_disp2 = 0x00;
 618   2              win_str_data.input_disp3 = 0x00;
 619   2              win_str_data.input_disp4 = 0x01;
 620   2              disp_input_icon(btn_val);
 621   2              win_str_data.paras_sel = btn_val;
 622   2            break;
 623   2          case BTN_VAL_TOSET:    //Into parameter 
 624   2            if(win_str_data.test_mode == 0)  //Is test mode
 625   2            {
 626   3              memcpy((u8 *)&win_str_data.set_level,(u8 *)&win_str_data.use_level,8);
 627   3              win_change_page(TEST_PAGE);      
 628   3            }
 629   2            else  // No test mode
 630   2            {
 631   3              temp = 0;
 632   3              sys_write_vp(BTN_TEST_MODE_SET_ADDR,(u8 *)&temp,1);
 633   3            }
 634   2            break;
 635   2          case BTN_VAL_RETURN:   //return
 636   2              win_str_data.input_disp1 = 0x00;
 637   2              win_str_data.input_disp2 = 0x00;
 638   2              win_str_data.input_disp3 = 0x00;
 639   2              win_str_data.input_disp4 = 0x00;
 640   2              sys_write_vp(ICON_INPUT1_ADDR,(u8 *)&win_str_data.input_disp1,4);
 641   2              sys_write_vp(ICON_INPUT1_WORD_ADDR,(u8 *)&win_str_data.input_disp1,4);
 642   2          
 643   2              temp = 0;
 644   2              sys_write_vp(BTN_TEST_MODE_SET_ADDR,(u8*)&temp,1);
 645   2              sys_write_vp(BTN_PROG_MODE_SET_ADDR,(u8*)&temp,1);
 646   2              win_str_data.paras_sel = 0;   
 647   2              win_change_page(WORK_PAGE);
 648   2            break;
 649   2          case BTN_VAL_OVERSET:  //jump to pop up
 650   2              win_str_data.input_disp1 = 0x00;
 651   2              win_str_data.input_disp2 = 0x00;
 652   2              win_str_data.input_disp3 = 0x00;
 653   2              win_str_data.input_disp4 = 0x00;
 654   2              sys_write_vp(ICON_INPUT1_ADDR,(u8 *)&win_str_data.input_disp1,4);
 655   2              sys_write_vp(ICON_INPUT1_WORD_ADDR,(u8 *)&win_str_data.input_disp1,4);
 656   2          
C51 COMPILER V9.60.7.0   START_WIN                                                         01/07/2026 11:25:16 PAGE 12  

 657   2              win_change_page(TEST_CONFIRM_PAGE);
 658   2            break;
 659   2          case BTN_VAL_YES:      //Pop upˇĚ save and upset
 660   2              memcpy((u8 *)&win_str_data.use_level,(u8 *)&win_str_data.set_level,8);      
 661   2              win_save_prog_paras(PROG_LEVEL_OFFSET,(u8*)&win_str_data.use_level,4);
 662   2              win_change_page(TEST_PAGE);
 663   2            break;
 664   2          case BTN_VAL_NO:       //Pop upˇÁ
 665   2              win_change_page(TEST_PAGE);
 666   2            break;
 667   2            
 668   2          default:
 669   2            break;
 670   2        }
 671   1      }
 672          
 673          /********************************************************
 674          şŻĘýĂűłĆŁşwin_prog_para_btn_hold_handler
 675          şŻĘýą¦ÄÜŁşłĚĐňÉčÖĂ´¦ŔíşŻĘý
 676          *********************************************************/
 677          static void win_prog_para_btn_hold_handler(u16 btn_val)
 678          {
 679   1        u16 xdata temp;
 680   1        STR_WIN_TypeDef *obj = &win_str_data;
 681   1        if((win_str_data.pause == 1)||(win_str_data.start != 0))
 682   1        {
 683   2          temp = 0;
 684   2          sys_write_vp(BTN_TEST_MODE_SET_ADDR,(u8*)&temp,1);
 685   2          sys_write_vp(BTN_PROG_MODE_SET_ADDR,(u8*)&temp,1);
 686   2          return;
 687   2        }
 688   1        //jugde other dat correct
 689   1        if(win_str_data.paras_sel == BTN_VAL_SEL_LEVEL)
 690   1        {
 691   2          if(win_str_data.set_level>product_data[win_str_data.product_id].para1.max) win_str_data.set_level =produ
             -ct_data[win_str_data.product_id].para1.max;
 692   2          else if(win_str_data.set_level < product_data[win_str_data.product_id].para1.min) win_str_data.set_level
             - =product_data[win_str_data.product_id].para1.min;
 693   2          win_disp_level(SET_TIMER,win_str_data.set_level);         
 694   2        }
 695   1        else if(win_str_data.paras_sel == BTN_VAL_SEL_CYCLE)
 696   1        {
 697   2          if(win_str_data.set_cycle >product_data[win_str_data.product_id].para2.max) win_str_data.set_cycle =prod
             -uct_data[win_str_data.product_id].para2.max;
 698   2          else if(win_str_data.set_cycle < product_data[win_str_data.product_id].para2.min) win_str_data.set_cycle
             - =product_data[win_str_data.product_id].para2.min;
 699   2          win_disp_cycle(SET_TIMER,win_str_data.set_cycle);         
 700   2        }
 701   1        else if(win_str_data.paras_sel == BTN_VAL_SEL_RUN_TIME)
 702   1        {
 703   2          if(win_str_data.set_run_time >product_data[win_str_data.product_id].para3.max) win_str_data.set_run_time
             - =product_data[win_str_data.product_id].para3.max;
 704   2          else if(win_str_data.set_run_time < product_data[win_str_data.product_id].para3.min) win_str_data.set_ru
             -n_time =product_data[win_str_data.product_id].para3.min;
 705   2          win_disp_run_time(SET_TIMER,win_str_data.set_run_time);         
 706   2        }
 707   1        else if(win_str_data.paras_sel == BTN_VAL_SEL_PAUSE_TIME) 
 708   1        {
 709   2          if(win_str_data.set_pause_time >product_data[win_str_data.product_id].para4.max) win_str_data.set_pause_
             -time =product_data[win_str_data.product_id].para4.max;
 710   2          else if(win_str_data.set_pause_time < product_data[win_str_data.product_id].para4.min) win_str_data.set_
             -pause_time =product_data[win_str_data.product_id].para4.min;
C51 COMPILER V9.60.7.0   START_WIN                                                         01/07/2026 11:25:16 PAGE 13  

 711   2          win_disp_pause_time(SET_TIMER,win_str_data.set_pause_time);               
 712   2        }
 713   1        switch(btn_val) 
 714   1        {
 715   2          case BTN_VAL_TOSET:
 716   2              if(win_str_data.prog_grp == 0) win_str_data.prog_grp = 1;
 717   2              sys_write_vp(ARTNUM_PROG_NUM_ADDR,(u8*)&win_str_data.prog_grp,2);
 718   2              memcpy((u8 *)&win_str_data.set_level,(u8 *)&win_str_data.use_level,8);           //display set
 719   2              win_load_prog_paras(PROG_LEVEL_OFFSET,(u8*)&win_str_data.prog_level,4);  //read prog para from flash
 720   2              win_change_page(PROGRAM_PAGE);   //change page
 721   2            break;
 722   2          case BTN_VAL_RETURN: //Reset the key value when returning and jump page and clean paras_sel
 723   2              win_str_data.input_disp1 = 0x00;
 724   2              win_str_data.input_disp2 = 0x00;
 725   2              win_str_data.input_disp3 = 0x00;
 726   2              win_str_data.input_disp4 = 0x00;
 727   2              sys_write_vp(ICON_INPUT1_ADDR,(u8 *)&win_str_data.input_disp1,4);
 728   2              sys_write_vp(ICON_INPUT1_WORD_ADDR,(u8 *)&win_str_data.input_disp1,4);
 729   2          
 730   2              win_str_data.paras_sel = 0;
 731   2              if(win_str_data.test_mode == 0) win_str_data.prog_grp = 0; //No update parameter
 732   2              win_change_page(WORK_PAGE);
 733   2            break;
 734   2          case BTN_VAL_OVERSET:  //Jump to pop-up page
 735   2              win_str_data.input_disp1 = 0x00;
 736   2              win_str_data.input_disp2 = 0x00;
 737   2              win_str_data.input_disp3 = 0x00;
 738   2              win_str_data.input_disp4 = 0x00;
 739   2              sys_write_vp(ICON_INPUT1_ADDR,(u8 *)&win_str_data.input_disp1,4);
 740   2              sys_write_vp(ICON_INPUT1_WORD_ADDR,(u8 *)&win_str_data.input_disp1,4);
 741   2          
 742   2              win_change_page(PROGRAM_CONFIRM_PAGE);  
 743   2            break;
 744   2          case BTN_VAL_YES:    //pop-up page YES   Put Set -> Prog and save flash
 745   2              memcpy((u8 *)&win_str_data.prog_level,(u8 *)&win_str_data.set_level,8);           //Set value to prog valu
             -e
 746   2              win_save_prog_paras(PROG_LEVEL_OFFSET,(u8*)&win_str_data.prog_level,4); //write norflash
 747   2              win_change_page(PROGRAM_PAGE);    //change page
 748   2            break;
 749   2          case BTN_VAL_NO:
 750   2              win_change_page(PROGRAM_PAGE);  
 751   2            break;
 752   2          case BTN_VAL_UPSET://ÉĎ´«download program parameters to current parameters
 753   2              win_str_data.test_mode = 1;
 754   2              win_fresh_model_icon(win_str_data.test_mode);
 755   2          
 756   2              norflash_write(SYS_LAST_PROG_OFFSET,(u8*)&win_str_data.prog_grp,2);
 757   2              sys_write_vp(ARTNUM_MAIN_PROG_NUM_ADDR,(u8*)&win_str_data.prog_grp,1);
 758   2          
 759   2              memcpy((u8 *)&win_str_data.set_level,(u8 *)&win_str_data.prog_level,8);  //łĚĐňÖµÉĎ´«µ˝ÉčÖĂÖµ
 760   2              memcpy((u8 *)&win_str_data.use_level,(u8 *)&win_str_data.prog_level,8);  //ÔËĐĐÖµ=ÉčÖĂÖµ
 761   2          
 762   2              win_disp_level(SET_TIMER,win_str_data.set_level);             //łĚĐňÉčÖĂŇłĂćÉčÖĂ˛ÎĘýżňĎÔĘľ
 763   2              win_disp_cycle(SET_TIMER,win_str_data.set_cycle);
 764   2              win_disp_run_time(SET_TIMER,win_str_data.set_run_time);
 765   2              win_disp_pause_time(SET_TIMER,win_str_data.set_pause_time);
 766   2            break;
 767   2                  
 768   2          default:
 769   2            break;
 770   2        }
 771   1      }
C51 COMPILER V9.60.7.0   START_WIN                                                         01/07/2026 11:25:16 PAGE 14  

 772          
 773          
 774          #define  BTN_VAL_ACC      0X02 //Éý
 775          #define  BTN_VAL_DEC      0X01 //˝µ
 776          /********************************************************
 777          şŻĘýĂűłĆŁşwin_test_mode_btn_click_handler
 778          şŻĘýą¦ÄÜŁşłĚĐňÉčÖĂŇłĂćľĹ×éŃˇÔńłĚĐň
 779          *********************************************************/
 780          static void win_prog_num_sel_btn_click_handler(u16 btn_val)
 781          {
 782   1        u16 xdata temp;
 783   1        STR_WIN_TypeDef *obj = &win_str_data;
 784   1        switch(btn_val)
 785   1        {
 786   2          case BTN_VAL_ACC:
 787   2              if(win_str_data.prog_grp < 20) win_str_data.prog_grp++; 
 788   2            break;
 789   2          case BTN_VAL_DEC:
 790   2              if(win_str_data.prog_grp > 1) win_str_data.prog_grp--;  
 791   2            break;
 792   2          default:break;
 793   2        }
 794   1        sys_write_vp(ARTNUM_PROG_NUM_ADDR,(u8*)&win_str_data.prog_grp,2); 
 795   1        //read nor flash  fresh display
 796   1        win_load_prog_paras(PROG_LEVEL_OFFSET,(u8*)&win_str_data.prog_level,6);
 797   1      
 798   1        win_disp_level(PROG_TIMER,win_str_data.prog_level);
 799   1        win_disp_cycle(PROG_TIMER,win_str_data.prog_cycle);
 800   1        win_disp_run_time(PROG_TIMER,win_str_data.prog_run_time);
 801   1        win_disp_pause_time(PROG_TIMER,win_str_data.prog_pause_time);
 802   1        temp = 0;
 803   1        sys_write_vp(BTN_TEST_MODE_SET_ADDR,(u8*)&temp,2);
 804   1        sys_write_vp(BTN_PROG_MODE_SET_ADDR,(u8*)&temp,2);  
 805   1      
 806   1      }
 807          
 808          /********************************************************
 809          şŻĘýĂűłĆŁşwin_para_keypad_btn_click_handler
 810          şŻĘýą¦ÄÜŁşĘý×ÖĽüĹĚ´¦ŔíşŻĘý
 811          *********************************************************/
 812          static void win_para_keypad_btn_click_handler(u16 btn_val)
 813          {
 814   1        #define  BTN_VAL_1    1
 815   1        #define  BTN_VAL_2    2
 816   1        #define  BTN_VAL_3    3
 817   1        #define  BTN_VAL_4    4
 818   1        #define  BTN_VAL_5    5
 819   1        #define  BTN_VAL_6    6
 820   1        #define  BTN_VAL_7    7
 821   1        #define  BTN_VAL_8    8
 822   1        #define  BTN_VAL_9    9
 823   1        #define  BTN_VAL_0    10  
 824   1        #define  BTN_VAL_cancel 11
 825   1        u16 xdata temp;
 826   1        switch(win_str_data.paras_sel)
 827   1        {
 828   2      /****************************SEL_LEVEL***********************************/    
 829   2          case BTN_VAL_SEL_LEVEL:
 830   2              temp = win_str_data.set_level;
 831   2              if(btn_val<BTN_VAL_cancel) //****Number button****
 832   2              {
 833   3                if(btn_val == 10) btn_val =0; 
C51 COMPILER V9.60.7.0   START_WIN                                                         01/07/2026 11:25:16 PAGE 15  

 834   3                if(product_data[win_str_data.product_id].para1.max > 9999)    temp = temp%10000;
 835   3                else if(product_data[win_str_data.product_id].para1.max > 999)temp = temp%1000;
 836   3                else if(product_data[win_str_data.product_id].para1.max > 99) temp = temp%100;
 837   3                else if(product_data[win_str_data.product_id].para1.max > 9)  temp = temp%10;
 838   3                temp = temp*10;
 839   3                temp += btn_val;
 840   3              }
 841   2              else//************cancel*********************
 842   2              {
 843   3                temp = temp/10;
 844   3              }
 845   2              win_str_data.set_level = temp;
 846   2              win_disp_level(SET_TIMER,win_str_data.set_level);
 847   2            break;
 848   2      /****************************TOTAL_TIME***********************************/
 849   2          case BTN_VAL_SEL_CYCLE:
 850   2            temp = win_str_data.set_cycle;
 851   2            if(btn_val<BTN_VAL_cancel) //****Number button****
 852   2            {
 853   3              if(btn_val == 10) btn_val = 0;
 854   3              if(product_data[win_str_data.product_id].para2.max > 9999)    temp = temp%10000;          
 855   3              else if(product_data[win_str_data.product_id].para2.max > 999)temp = temp%1000;
 856   3              else if(product_data[win_str_data.product_id].para2.max > 99) temp = temp%100;
 857   3              else if(product_data[win_str_data.product_id].para2.max > 9)  temp = temp%10;
 858   3              temp = temp*10;
 859   3              temp += btn_val;
 860   3            }
 861   2            else//***cance****
 862   2            {
 863   3              temp = temp/10;
 864   3            } 
 865   2            win_str_data.set_cycle = temp;  
 866   2            win_disp_cycle(SET_TIMER,win_str_data.set_cycle);
 867   2            break;
 868   2      /*******************************RUN_TIME***********************************/      
 869   2          case BTN_VAL_SEL_RUN_TIME:
 870   2            temp = win_str_data.set_run_time;
 871   2            if(btn_val<BTN_VAL_cancel) //***********Ęý×Ö°´Ľü************
 872   2            {
 873   3              if(btn_val == 10) btn_val =0;
 874   3              if(win_str_data.set_run_time_bit==4) temp += btn_val*600;// decade min
 875   3              else if(win_str_data.set_run_time_bit==3) temp += btn_val*60;//bits min
 876   3              else if(win_str_data.set_run_time_bit==2)
 877   3              {
 878   4                if(btn_val>5) btn_val=5;
 879   4                temp += btn_val*10;//decade sec
 880   4              }
 881   3              else if(win_str_data.set_run_time_bit==1) temp += btn_val; //bits min
 882   3              if(win_str_data.set_run_time_bit>0)win_str_data.set_run_time_bit--;   
 883   3            }
 884   2            else    //*******************cancel***********************
 885   2            {
 886   3              if(win_str_data.set_run_time_bit<4)win_str_data.set_run_time_bit++;
 887   3              if(win_str_data.set_run_time_bit==4) temp = 0;
 888   3              else if(win_str_data.set_run_time_bit==3) temp -= temp%600;
 889   3              else if(win_str_data.set_run_time_bit==2) temp -= temp%60;
 890   3              else if(win_str_data.set_run_time_bit==1) temp -= temp%10;  
 891   3            }
 892   2            win_str_data.set_run_time = temp;     
 893   2            win_disp_run_time(SET_TIMER,win_str_data.set_run_time);   
 894   2            break;
 895   2      
C51 COMPILER V9.60.7.0   START_WIN                                                         01/07/2026 11:25:16 PAGE 16  

 896   2      /*****************************PAUSE_TIME***********************************/    
 897   2          case BTN_VAL_SEL_PAUSE_TIME:
 898   2            temp = win_str_data.set_pause_time;     
 899   2            if(btn_val < BTN_VAL_cancel)      //***********Ęý×Ö°´Ľü************
 900   2            {
 901   3              if(btn_val == 10) btn_val =0;
 902   3              if(win_str_data.set_pause_time_bit==4) temp += btn_val*600;// decade min
 903   3              else if(win_str_data.set_pause_time_bit==3) temp += btn_val*60;//bits min
 904   3              else if(win_str_data.set_pause_time_bit==2)
 905   3              {
 906   4                if(btn_val>5) btn_val=5;
 907   4                temp += btn_val*10;//decade sec
 908   4              }
 909   3              else if(win_str_data.set_pause_time_bit==1) temp += btn_val; //bits min     //MH200
 910   3              if(win_str_data.set_pause_time_bit>0)win_str_data.set_pause_time_bit--;     
 911   3            }
 912   2            else//*******************cancel****************************
 913   2            {
 914   3              if(win_str_data.set_pause_time_bit<4)win_str_data.set_pause_time_bit++;
 915   3              if(win_str_data.set_pause_time_bit==4) temp = 0;
 916   3              else if(win_str_data.set_pause_time_bit==3) temp -= temp%600;
 917   3              else if(win_str_data.set_pause_time_bit==2) temp -= temp%60;
 918   3              else if(win_str_data.set_pause_time_bit==1) temp -= temp%10;      
 919   3            }
 920   2            win_str_data.set_pause_time = temp;
 921   2            win_disp_pause_time(SET_TIMER,win_str_data.set_pause_time);
 922   2            break;
 923   2            
 924   2          default:
 925   2            break;
 926   2        }
 927   1      }
 928          /********************************************************
 929          win_pass_keypad_btn_click_handler
 930          şŻĘýą¦ÄÜŁşşóĚ¨ĂÜÂëĘý×ÖĽüĹĚ´¦ŔíşŻĘý
 931          *********************************************************/
 932          static void win_pass_keypad_btn_click_handler(u16 btn_val)
 933          {
 934   1        u16 xdata temp;
 935   1        temp = win_str_data.passcode;
 936   1        if(btn_val == 0X0C)   //µŻ´°ˇĚ
 937   1        {
 938   2          win_str_data.used_time_h = 0;
 939   2          win_str_data.used_time_l = 0;
 940   2      
 941   2          norflash_write(RUNTIME_MIN_HADDR,(u8 *)&win_str_data.used_time_h,2);
 942   2      
 943   2          win_str_data.used_time = win_str_data.used_time_h;
 944   2          win_str_data.used_time <<= 16;
 945   2          win_str_data.used_time |= win_str_data.used_time_l;
 946   2          win_str_data.disp_time = win_str_data.used_time/3600;  //ĐˇĘ±Ęý
 947   2        
 948   2          sys_write_vp(ARTNUM_UT_ADDR,(u8*)&win_str_data.disp_time,1);   //×ÜÔËĐĐĘ±ĽäÇĺÁă
 949   2          win_str_data.passcode = 0;
 950   2          
 951   2          win_change_page(PASSWORD_PAGE);
 952   2        }
 953   1        if(btn_val == 0X0D)   //µŻ´° ˇÁ
 954   1        {
 955   2          win_change_page(PASSWORD_PAGE);
 956   2        }
 957   1        
C51 COMPILER V9.60.7.0   START_WIN                                                         01/07/2026 11:25:16 PAGE 17  

 958   1        
 959   1        if(btn_val < BTN_VAL_cancel)
 960   1        {
 961   2          if(btn_val == 10) btn_val =0;
 962   2          temp = temp%1000;
 963   2          temp = temp*10;
 964   2          temp +=btn_val;
 965   2          if(temp>9999) temp =9999;
 966   2          else if(temp <0) temp =0;
 967   2          win_str_data.passcode = temp;
 968   2          sys_write_vp(ARTNUM_PASSCODE_ADDR,(u8*)&win_str_data.passcode,2);       
 969   2        }
 970   1        else
 971   1        {     
 972   2          temp= temp/10;
 973   2          if(temp <0) temp=0;
 974   2          win_str_data.passcode = temp;
 975   2          sys_write_vp(ARTNUM_PASSCODE_ADDR,(u8*)&win_str_data.passcode,2);     
 976   2        }
 977   1        
 978   1        if(temp == 1010)            //¸´Î»ĂÜÂë
 979   1        {
 980   2          win_str_data.passcode = 0;
 981   2          sys_write_vp(ARTNUM_PASSCODE_ADDR,(u8*)&win_str_data.passcode,2); 
 982   2          win_change_page(PASSWORD_CONFIRM_PAGE);
 983   2        }
 984   1        else if(temp == 5973)      //şóĚ¨ĂÜÂë
 985   1        {
 986   2          win_str_data.product_cpage = 1;
 987   2          win_product_select(win_str_data.product_cpage,0);
 988   2          win_change_page(FAC_PAGE1);
 989   2          win_str_data.passcode = 0;
 990   2          sys_write_vp(ARTNUM_PASSCODE_ADDR,(u8*)&win_str_data.passcode,2); 
 991   2        }
 992   1      }
 993          
 994          /********************************************************
 995          şŻĘýĂűŁşwin_light_set_btn_hold_handler()
 996          şŻĘýą¦ÄÜŁşÁÁ¶ČÉčÖĂ
 997          *********************************************************/
 998          static void win_light_set_btn_hold_handler(u16 btn_val)
 999          {
1000   1        win_str_data.light = btn_val;
1001   1        sys_setdis_light(win_str_data.light);
1002   1        norflash_write(SYS_LIGHT_OFFSET,(u8 *)&win_str_data.light,2); 
1003   1      }
1004          /********************************************************
1005          şŻĘýĂűŁşwin_language_set_btn_hold_handler()
1006          şŻĘýą¦ÄÜŁşÓďŃÔÉčÖĂ
1007          *********************************************************/
1008          static void win_language_set_btn_hold_handler(u16 btn_val)
1009          {
1010   1        win_str_data.language = btn_val;
1011   1        norflash_write(SYS_LANGUAGE_OFFSET,(u8 *)&win_str_data.language,2); 
1012   1      }
1013          /********************************************************
1014          şŻĘýĂűŁşwin_buzz_set_btn_hold_handler()
1015          şŻĘýą¦ÄÜŁş·äĂůĆ÷ÉčÖĂ
1016          *********************************************************/
1017          static void win_buzz_set_btn_hold_handler(u16 btn_val)
1018          {
1019   1        win_str_data.alarm = btn_val;
C51 COMPILER V9.60.7.0   START_WIN                                                         01/07/2026 11:25:16 PAGE 18  

1020   1        sys_enable_speaker(1-win_str_data.alarm);
1021   1        norflash_write(SYS_BUZZ_OFFSET,(u8 *)&win_str_data.alarm,2);  
1022   1      }
1023          
1024            
1025                
1026          #define BTN_PAGE1_DEV   0X01
1027          #define BTN_PAGE1_ADD   0X02
1028          #define BTN_PAGE1_SKIP  0X03
1029          #define BTN_PAGE1_OK    0X04
1030          #define BTN_PAGE2_SKIP  0X05
1031          #define BTN_PAGE2_OK    0X06
1032          #define BTN_LINK        0X07
1033          #define BTN_LOGO        0X08
1034          #define BTN_RETURN      0X09
1035          
1036          #define BTN_VOLTAGE_MIN 0X0B
1037          #define BTN_VOLTAGE_MAX 0X0C
1038          #define BTN_CURRENT_MIN 0X0D
1039          #define BTN_CURRENT_MAX 0X0E
1040          
1041          
1042          /********************************************************
1043          şŻĘýĂűŁşwin_fac_set_btn_click_handler(u16 btn_val)
1044          şŻĘýą¦ÄÜŁşą¤ł§˝çĂć
1045          *********************************************************/
1046          static void win_fac_set_btn_click_handler(u16 btn_val)
1047          {
1048   1        u16 xdata temp;
1049   1        STR_WIN_TypeDef *obj = &win_str_data;
1050   1        win_str_data.factory_sel = 0;
1051   1        switch(btn_val)//şóĚ¨˝çĂć0X1300
1052   1        {
1053   2          case BTN_PAGE1_DEV://dec  ×ó
1054   2            if(win_str_data.product_cpage>1)  win_str_data.product_cpage--;
1055   2            win_product_select(win_str_data.product_cpage,0);     
1056   2            break;
1057   2          case BTN_PAGE1_ADD://add  ÓŇ
1058   2            if(win_str_data.product_cpage<(PRODUCT_TOTAL-1)/5+1)  win_str_data.product_cpage++;
1059   2            win_product_select(win_str_data.product_cpage,0);
1060   2            break;
1061   2          case BTN_PAGE1_SKIP://page1 skip
1062   2            sys_write_vp(ARTNUM_VOLTAGE_MIN_ADDR,(u8*)&win_str_data.sys_voltage_min,1);
1063   2            sys_write_vp(ARTNUM_VOLTAGE_MAX_ADDR,(u8*)&win_str_data.sys_voltage_max,1);
1064   2            sys_write_vp(ARTNUM_CURRENT_MIN_ADDR,(u8*)&win_str_data.sys_current_min,1);
1065   2            sys_write_vp(ARTNUM_CURRENT_MAX_ADDR,(u8*)&win_str_data.sys_current_max,1);
1066   2            win_change_page(FAC_PAGE2);
1067   2            break;
1068   2          case BTN_PAGE1_OK://page 1 ok
1069   2            temp = win_product_select(win_str_data.product_cpage,1);
1070   2            if(temp == 0)//success
1071   2            {
1072   3              win_change_page(FAC_PAGE2);
1073   3              memcpy((u8 *)&win_str_data.sys_voltage_min,(u8 *)&product_data[win_str_data.product_id].vol_min,4);
1074   3              sys_write_vp(ARTNUM_VOLTAGE_MIN_ADDR,(u8*)&win_str_data.sys_voltage_min,1);
1075   3              sys_write_vp(ARTNUM_VOLTAGE_MAX_ADDR,(u8*)&win_str_data.sys_voltage_max,1);
1076   3              sys_write_vp(ARTNUM_CURRENT_MIN_ADDR,(u8*)&win_str_data.sys_current_min,1);
1077   3              sys_write_vp(ARTNUM_CURRENT_MAX_ADDR,(u8*)&win_str_data.sys_current_max,1);
1078   3            }
1079   2            break;
1080   2          case BTN_PAGE2_SKIP://page 1 ok
1081   2            win_change_page(PASSWORD_PAGE);
C51 COMPILER V9.60.7.0   START_WIN                                                         01/07/2026 11:25:16 PAGE 19  

1082   2            break;      
1083   2          case BTN_PAGE2_OK://page 2 ok   save and jump page
1084   2            win_change_page(PASSWORD_PAGE);
1085   2            win_str_data.sys_save_flag = 0XFFFF;
1086   2            norflash_write(SYS_VOL_MIN,(u8 *)&win_str_data.sys_voltage_min,6);
1087   2            memcpy((u8 *)&product_data[win_str_data.product_id].vol_min,(u8 *)&win_str_data.sys_voltage_min,4);
1088   2            win_calc_function();
1089   2            break;
1090   2          case BTN_LOGO://logo
1091   2            win_str_data.logo = 4 - win_str_data.logo;
1092   2            if(win_str_data.logo >0) win_str_data.logo = 4;
1093   2            sys_write_vp(ANIMOTION_LOGO_ADDR,(u8*)&win_str_data.logo,1);  //no logo for oem 
1094   2            norflash_write(SYS_LOGO_OFFSET,(u8 *)&win_str_data.logo,2);
1095   2            if(win_str_data.logo == 4)
1096   2              sys_write_vp(STRING_PRODUCT_ADDR,(u8*)modle_version,sizeof(modle_version));
1097   2            else
1098   2              sys_write_vp(STRING_PRODUCT_ADDR,(u8*)product_data[win_str_data.product_id].name,sizeof(product_data[w
             -in_str_data.product_id].name));
1099   2            break;
1100   2          
1101   2          case BTN_VOLTAGE_MIN://Voltage min
1102   2          case BTN_VOLTAGE_MAX:
1103   2          case BTN_CURRENT_MIN:
1104   2          case BTN_CURRENT_MAX:
1105   2            win_str_data.sys_input_num = 0;
1106   2            sys_write_vp(ARTNUM_INPUTNUM_ADDR,(u8 *)&win_str_data.sys_input_num,1);
1107   2            win_change_page(FAC_KEYBORD);
1108   2            break;
1109   2          
1110   2        
1111   2      
1112   2          default:
1113   2            break;
1114   2        }
1115   1        win_str_data.factory_sel = btn_val;
1116   1      }
1117          
1118          static void win_factory_keypad_btn_click_handler(u16 btn_val)
1119          {
1120   1        #define  BTN_FACTORY_VAL_CANCLE 0X0B  
1121   1        #define  BTN_FACTORY_VAL_ENTER  0X0C
1122   1        u16 xdata temp;
1123   1        switch(win_str_data.factory_sel)
1124   1        {
1125   2      /*******************************VOLTAGE_MIN***********************************/     
1126   2          case BTN_VOLTAGE_MIN:
1127   2            temp = win_str_data.sys_input_num;
1128   2            if(btn_val < BTN_FACTORY_VAL_CANCLE) //****Number button****
1129   2            {
1130   3              if(btn_val == 10) btn_val =0;
1131   3              temp = temp%1000;         
1132   3              temp = temp*10;
1133   3              temp += btn_val;
1134   3            }
1135   2            if(btn_val == BTN_FACTORY_VAL_CANCLE)//************cancel*********************
1136   2            {
1137   3              temp = temp/10;
1138   3            }
1139   2            win_str_data.sys_input_num = temp;
1140   2            sys_write_vp(ARTNUM_INPUTNUM_ADDR,(u8 *)&temp,1);
1141   2            if(btn_val == BTN_FACTORY_VAL_ENTER)
1142   2            {
C51 COMPILER V9.60.7.0   START_WIN                                                         01/07/2026 11:25:16 PAGE 20  

1143   3              win_str_data.sys_input_num = temp;
1144   3              win_str_data.sys_voltage_min = win_str_data.sys_input_num;
1145   3              win_str_data.factory_sel = 0;
1146   3              sys_write_vp(ARTNUM_VOLTAGE_MIN_ADDR,(u8 *)&temp,1);
1147   3              win_change_page(FAC_PAGE2);
1148   3            }
1149   2            break;
1150   2      /*****************************VOLTAGE_MAX***********************************/   
1151   2          case BTN_VOLTAGE_MAX:
1152   2            temp = win_str_data.sys_input_num;
1153   2            if(btn_val < BTN_FACTORY_VAL_CANCLE) //****Number button****
1154   2            {
1155   3              if(btn_val == 10) btn_val =0;
1156   3              temp = temp%1000;         
1157   3              temp = temp*10;
1158   3              temp += btn_val;
1159   3            }
1160   2            if(btn_val == BTN_FACTORY_VAL_CANCLE)//************cancel*********************
1161   2            {
1162   3              temp = temp/10;
1163   3            }
1164   2            win_str_data.sys_input_num = temp;
1165   2            sys_write_vp(ARTNUM_INPUTNUM_ADDR,(u8 *)&temp,1);
1166   2            if(btn_val == BTN_FACTORY_VAL_ENTER)
1167   2            {
1168   3              win_str_data.sys_input_num = temp;
1169   3              win_str_data.sys_voltage_max = win_str_data.sys_input_num;
1170   3              win_str_data.factory_sel = 0;
1171   3              sys_write_vp(ARTNUM_VOLTAGE_MAX_ADDR,(u8 *)&temp,1);
1172   3              win_change_page(FAC_PAGE2);
1173   3            }
1174   2            break;
1175   2      
1176   2      /*****************************BTN_CURRENT_MIN***********************************/   
1177   2          case BTN_CURRENT_MIN:
1178   2            temp = win_str_data.sys_input_num;
1179   2            if(btn_val < BTN_FACTORY_VAL_CANCLE) //****Number button****
1180   2            {
1181   3              if(btn_val == 10) btn_val =0;
1182   3              temp = temp%1000;         
1183   3              temp = temp*10;
1184   3              temp += btn_val;
1185   3            }
1186   2            if(btn_val == BTN_FACTORY_VAL_CANCLE)//************cancel*********************
1187   2            {
1188   3              temp = temp/10;
1189   3            }
1190   2            win_str_data.sys_input_num = temp;
1191   2            sys_write_vp(ARTNUM_INPUTNUM_ADDR,(u8 *)&temp,2);
1192   2            if(btn_val == BTN_FACTORY_VAL_ENTER)
1193   2            {
1194   3              win_str_data.sys_input_num = temp;
1195   3              win_str_data.sys_current_min = win_str_data.sys_input_num;
1196   3              win_str_data.factory_sel = 0;
1197   3              sys_write_vp(ARTNUM_CURRENT_MIN_ADDR,(u8 *)&temp,1);
1198   3              win_change_page(FAC_PAGE2);
1199   3            }
1200   2            break;
1201   2            
1202   2      /*****************************BTN_CURRENT_MAX***********************************/   
1203   2          case BTN_CURRENT_MAX:
1204   2            temp = win_str_data.sys_input_num;
C51 COMPILER V9.60.7.0   START_WIN                                                         01/07/2026 11:25:16 PAGE 21  

1205   2            if(btn_val < BTN_FACTORY_VAL_CANCLE) //****Number button****
1206   2            {
1207   3              if(btn_val == 10) btn_val =0;
1208   3              temp = temp%10000;          
1209   3              temp = temp*10;
1210   3              temp += btn_val;
1211   3            }
1212   2            if(btn_val == BTN_FACTORY_VAL_CANCLE)//************cancel*********************
1213   2            {
1214   3              temp = temp/10;
1215   3            }
1216   2            win_str_data.sys_input_num = temp;
1217   2            sys_write_vp(ARTNUM_INPUTNUM_ADDR,(u8 *)&temp,2);
1218   2            if(btn_val == BTN_FACTORY_VAL_ENTER)
1219   2            {
1220   3              win_str_data.sys_input_num = temp;
1221   3              win_str_data.sys_current_max = win_str_data.sys_input_num;
1222   3              win_str_data.factory_sel = 0;
1223   3              sys_write_vp(ARTNUM_CURRENT_MAX_ADDR,(u8 *)&temp,1);
1224   3              win_change_page(FAC_PAGE2);
1225   3            }
1226   2            break;
1227   2          default:
1228   2            break;
1229   2        }
1230   1      }
1231          
1232          /********************************************************
1233          şŻĘýĂűłĆŁşvoid win_save_prog_paras(u16 offaddr,u8 *var_addr,u16 len)
1234          şŻĘýą¦ÄÜŁş´ć´˘˛ÎĘý
1235          şŻĘýÄÚČÝŁş
1236          u16 offaddr   flashĆđĘĽµŘÖ·
1237          u8 *var_addr  ±äÁżµŘÖ·
1238          u16 len       ±äÁżł¤¶Č 
1239          *********************************************************/
1240          void win_save_prog_paras(u16 offaddr,u8 *var_addr,u16 len)
1241          {
1242   1        u16 addr;
1243   1        STR_WIN_TypeDef *obj = &win_str_data; 
1244   1        if(win_str_data.prog_grp>0)
1245   1        {
1246   2          addr = PROG1_BASE_NORADDR + 0x10 * (win_str_data.prog_grp - 1) + offaddr;
1247   2        }
1248   1        else
1249   1        {
1250   2          addr = CUSTOM_BASE_NORADDR+offaddr;
1251   2        }
1252   1        norflash_write(addr,var_addr,len);
1253   1      }
1254          
1255          /********************************************************
1256          şŻĘýĂűłĆŁşvoid win_load_prog_paras(u16 offaddr,u8 *var_addr,u16 len)
1257          şŻĘýą¦ÄÜŁş¶ÁČˇ˛ÎĘý
1258          şŻĘýÄÚČÝŁş
1259          u16 offaddr   flashĆđĘĽµŘÖ·
1260          u8 *var_addr  ±äÁżµŘÖ·
1261          u16 len       ±äÁżł¤¶Č 
1262          *********************************************************/
1263          
1264          void win_load_prog_paras(u16 offaddr,u8 *var_addr,u16 len)
1265          {
1266   1        u16 addr;
C51 COMPILER V9.60.7.0   START_WIN                                                         01/07/2026 11:25:16 PAGE 22  

1267   1        u16 xdata i;
1268   1        STR_WIN_TypeDef *obj = &win_str_data; 
1269   1        if(win_str_data.prog_grp>0)
1270   1        {
1271   2          addr = PROG1_BASE_NORADDR + 0x10 * (win_str_data.prog_grp - 1) + offaddr;
1272   2        }
1273   1        else
1274   1        {
1275   2          addr = CUSTOM_BASE_NORADDR+offaddr;
1276   2        }
1277   1        norflash_read(addr,var_addr,len);
1278   1        
1279   1        for(i = 0;i<len;i++)
1280   1        {
1281   2          addr = offaddr + i;
1282   2          switch(addr)
1283   2          {
1284   3            case PROG_LEVEL_OFFSET:
1285   3              if(win_str_data.prog_level > product_data[win_str_data.product_id].para1.max) win_str_data.prog_level 
             -= product_data[win_str_data.product_id].para1.min;  
1286   3              if(win_str_data.prog_level < product_data[win_str_data.product_id].para1.min) win_str_data.prog_level 
             -= product_data[win_str_data.product_id].para1.min;  
1287   3            break;
1288   3            case PROG_TT_OFFSET:  
1289   3              if(win_str_data.prog_cycle > product_data[win_str_data.product_id].para2.max) win_str_data.prog_cycle 
             -= product_data[win_str_data.product_id].para2.min;
1290   3              if(win_str_data.prog_cycle < product_data[win_str_data.product_id].para2.min) win_str_data.prog_cycle 
             -= product_data[win_str_data.product_id].para2.min;        
1291   3            break;
1292   3            case PROG_WT_OFFSET:
1293   3              if(win_str_data.prog_run_time >product_data[win_str_data.product_id].para3.max) win_str_data.prog_run_
             -time = product_data[win_str_data.product_id].para3.min;
1294   3              if(win_str_data.prog_run_time <product_data[win_str_data.product_id].para3.min) win_str_data.prog_run_
             -time = product_data[win_str_data.product_id].para3.min;
1295   3            break;
1296   3            case PROG_PT_OFFSET:
1297   3              if(win_str_data.prog_pause_time >product_data[win_str_data.product_id].para4.max) win_str_data.prog_pa
             -use_time =  product_data[win_str_data.product_id].para4.min;  
1298   3              if(win_str_data.prog_pause_time <product_data[win_str_data.product_id].para4.min) win_str_data.prog_pa
             -use_time = product_data[win_str_data.product_id].para4.min;
1299   3            break;
1300   3      
1301   3          
1302   3            default:break;
1303   3          }
1304   2        }
1305   1      }
1306          
1307          
1308          void win_disp_level(u16 ch,u16 val)   //ĎÔĘľ
1309          {
1310   1        if(ch & MAIN_TIMER)
1311   1        {
1312   2          sys_write_vp(ARTNUM_MAIN_LEVEL_ADDR,(u8 *)&val,1);
1313   2        }
1314   1        if(ch & SET_TIMER)
1315   1        {
1316   2          sys_write_vp(ARTNUM_SET_LEVEL_ADDR,(u8 *)&val,1);
1317   2        }
1318   1        if(ch & PROG_TIMER)
1319   1        {
1320   2          sys_write_vp(ARTMUM_PROG_LEVEL_ADDR,(u8 *)&val,1);  
C51 COMPILER V9.60.7.0   START_WIN                                                         01/07/2026 11:25:16 PAGE 23  

1321   2        }
1322   1      }
1323          
1324          /******************************************************************************************
1325          şŻĘýŁşvoid win_disp_cycle(u16 ch,u16 val)
1326          şŻĘýą¦ÄÜŁşĎÔĘľ×ÜĘ±Ľä                                                            
1327          *******************************************************************************************/
1328          
1329          void win_disp_cycle(u16 ch,u16 val)  //ĎÔĘľ×ÜĘ±Ľä »ňŐßŃ­»·´ÎĘý
1330          {
1331   1        u16 xdata h_dat;
1332   1        u16 xdata l_dat;
1333   1      
1334   1        if(ch & MAIN_TIMER)  //Ö÷ŇłĂć
1335   1        {
1336   2          h_dat = win_str_data.use_cycle - val+1; //ÔËĐĐ´ÎĘý´Ó1żŞĘĽ
1337   2          l_dat = win_str_data.use_cycle;
1338   2        }
1339   1        else  //ĆäËűŇłĂć
1340   1        {
1341   2          l_dat = val;
1342   2        }
1343   1        
1344   1        if(ch & MAIN_TIMER)
1345   1        {
1346   2          sys_write_vp(ARTNUM_MAIN_CYCLE_ADDR,(u8 *)&l_dat,1);
1347   2          sys_write_vp(ARTNUM_MAIN_CYCLE_HADDR,(u8 *)&h_dat,1);
1348   2        }
1349   1        if(ch & SET_TIMER)
1350   1        {
1351   2          sys_write_vp(ARTNUM_SET_CYCLE_ADDR,(u8 *)&l_dat,1);
1352   2        }
1353   1        if(ch & PROG_TIMER)
1354   1        {
1355   2          sys_write_vp(ARTNUM_PROG_CYCLE_ADDR,(u8 *)&l_dat,1);  
1356   2        }
1357   1      }
1358          
1359          /******************************************************************************************
1360          şŻĘýŁşvoid win_disp_run_time(u16 ch,u16 val)
1361          şŻĘýą¦ÄÜŁşĎÔĘľÔËĐĐĘ±Ľä                                                            
1362          *******************************************************************************************/
1363          void win_disp_run_time(u16 ch,u16 val)    //ĎÔĘľÔËĐĐĘ±Ľä
1364          {
1365   1        u16 xdata h_dat;
1366   1        u16 xdata l_dat;
1367   1        
1368   1        h_dat = val/60;
1369   1        l_dat = val%60;
1370   1        
1371   1        if(ch & MAIN_TIMER)
1372   1        {
1373   2          sys_write_vp(ARTNUM_MAIN_RUN_TIME_ADDR,(u8 *)&l_dat,1);
1374   2          sys_write_vp(ARTNUM_MAIN_RUN_TIME_HADDR,(u8 *)&h_dat,1);
1375   2        } 
1376   1        if(ch & SET_TIMER)
1377   1        {
1378   2          sys_write_vp(ARTNUM_SET_RUN_TIME_ADDR,(u8 *)&l_dat,1);
1379   2          sys_write_vp(ARTNUM_SET_RUN_TIME_HADDR,(u8 *)&h_dat,1);
1380   2        }
1381   1        if(ch & PROG_TIMER)
1382   1        {
C51 COMPILER V9.60.7.0   START_WIN                                                         01/07/2026 11:25:16 PAGE 24  

1383   2          sys_write_vp(ARTNUM_PROG_RUN_TIME_ADDR,(u8 *)&l_dat,1); 
1384   2          sys_write_vp(ARTNUM_PROG_RUN_TIME_HADDR,(u8 *)&h_dat,1);
1385   2        }
1386   1      }
1387          /******************************************************************************************
1388          şŻĘýŁşvoid win_disp_pause_time(u16 ch,u16 val)
1389          şŻĘýą¦ÄÜŁşĎÔĘľÔÝÍŁĘ±Ľä                                                            
1390          *******************************************************************************************/
1391          void win_disp_pause_time(u16 ch,u16 val)  //ĎÔĘľÔÝÍŁĘ±Ľä
1392          {
1393   1        u16 xdata h_dat;
1394   1        u16 xdata l_dat;
1395   1        
1396   1        h_dat = val/60;
1397   1        l_dat = val%60;
1398   1        
1399   1        if(ch & MAIN_TIMER)
1400   1        {
1401   2          sys_write_vp(ARTNUM_MAIN_PAUSE_TIME_ADDR,(u8 *)&l_dat,1);
1402   2          sys_write_vp(ARTNUM_MAIN_PAUSE_TIME_HADDR,(u8 *)&h_dat,1);
1403   2        }
1404   1        if(ch & SET_TIMER)
1405   1        {
1406   2          sys_write_vp(ARTNUM_SET_PAUSE_TIME_ADDR,(u8 *)&l_dat,1);
1407   2          sys_write_vp(ARTNUM_SET_PAUSE_TIME_HADDR,(u8 *)&h_dat,1);
1408   2        }
1409   1        if(ch & PROG_TIMER)
1410   1        {
1411   2          sys_write_vp(ARTNUM_PROG_PAUSE_TIME_ADDR,(u8 *)&l_dat,1); 
1412   2          sys_write_vp(ARTNUM_PROG_PAUSE_TIME_HADDR,(u8 *)&h_dat,1);
1413   2        }
1414   1      }
1415          //****************************************************************************************
1416          u16 win_sec_timer_handle(u16* stage)
1417          {
1418   1        u16 xdata ret = 0;//·µ»ŘÖµ
1419   1        if(*stage == 0)//run stage
1420   1        {
1421   2          win_str_data.start = 1;//ÔËĐĐÍĽ±ę
1422   2          if(win_str_data.disp_run_time > 0)win_str_data.disp_run_time--;
1423   2          if(win_str_data.disp_run_time == 0)
1424   2          {
1425   3            win_str_data.disp_run_time = win_str_data.use_run_time;   
1426   3            *stage = 1; 
1427   3            ret= 2;// return1  pause
1428   3          }
1429   2        }
1430   1        else if(*stage == 1)//pause stage
1431   1        {
1432   2          win_str_data.start = 2;//ÔÝÍŁÍĽ±ę
1433   2          if(win_str_data.disp_pause_time > 0)win_str_data.disp_pause_time--;
1434   2          if(win_str_data.disp_pause_time == 0)
1435   2          {
1436   3            win_str_data.disp_pause_time = win_str_data.use_pause_time; 
1437   3            if(win_str_data.disp_cycle > 0)  //Ń­»·´ÎĘý
1438   3              win_str_data.disp_cycle--;        
1439   3            *stage = 0;
1440   3            ret= 1;  //return2 start
1441   3          }
1442   2        }
1443   1      
1444   1        if(win_str_data.disp_count_time > 0)      //process total time
C51 COMPILER V9.60.7.0   START_WIN                                                         01/07/2026 11:25:16 PAGE 25  

1445   1        {
1446   2          win_str_data.disp_count_time--;
1447   2        }
1448   1        if(win_str_data.disp_count_time == 0)
1449   1        {
1450   2          ret= 3;
1451   2        } 
1452   1        return ret;
1453   1      }
1454          /******************************************************************************************
1455          şŻĘýŁşvoid win_fresh_window(SysDataDef *sys)
1456          şŻĘýą¦ÄÜŁşË˘ĐÂ´°żÚÍĽ±ę                                                            
1457          *******************************************************************************************/
1458          void win_fresh_window(SysDataDef *sys)
1459          {
1460   1        if(str_sys.door == 0)
1461   1          win_str_data.door_warning = 1;
1462   1        else 
1463   1          win_str_data.door_warning = 0;
1464   1        
1465   1        sys_write_vp(ICON_DOOR_ADDR,(u8*)&win_str_data.door_warning,1);   //0ÎŢÍĽ±ę ĂĹąŘ 1ÓĐÍĽ±ę ĂĹżŞ
1466   1        sys_write_vp(ICON_START_ADDR,(u8*)&win_str_data.start,1);
1467   1        sys_write_vp(ICON_PAUSE_ADDR,(u8*)&win_str_data.pause,1);
1468   1      
1469   1        win_fresh_load_bar(sys->current);
1470   1        //fresh main page timer block
1471   1        win_fresh_timer_block();
1472   1        //fresh load bar
1473   1      
1474   1      }
1475          /******************************************************************************************
1476          şŻĘýŁşvoid win_fresh_model_icon(SysDataDef *sys)
1477          şŻĘýą¦ÄÜŁşË˘ĐÂ´°żÚÄŁĘ˝ÍĽ±ę                                                            
1478          *******************************************************************************************/
1479          void win_fresh_model_icon(u16 mode)
1480          {
1481   1        u16 xdata temp;
1482   1        if(mode == 0)
1483   1        {
1484   2          temp = 1;
1485   2          sys_write_vp(ICON_TEST_ADDR,(u8*)&temp,1);
1486   2          temp = 0;
1487   2          sys_write_vp(ICON_PROG_ADDR,(u8*)&temp,1);
1488   2        }
1489   1        else
1490   1        {
1491   2          temp = 0;
1492   2          sys_write_vp(ICON_TEST_ADDR,(u8*)&temp,1);
1493   2          temp = 1;
1494   2          sys_write_vp(ICON_PROG_ADDR,(u8*)&temp,1);    
1495   2        }
1496   1      }   
1497          /******************************************************************************************
1498          şŻĘýŁşu16 win_level_trans_volt(u16 level)
1499          şŻĘýą¦ÄÜŁşĽĆËăĘäłöµçŃąÖµ                                                                    
1500          *******************************************************************************************/
1501          u16 win_level_trans_volt(u16 level)       //ĽĆËăµçŃąÖµ
1502          {
1503   1        float temp;
1504   1        STR_WIN_TypeDef *obj = &win_str_data;
1505   1        
1506   1        temp = level;
C51 COMPILER V9.60.7.0   START_WIN                                                         01/07/2026 11:25:16 PAGE 26  

1507   1      
1508   1        temp = (float)(win_str_data.k_factor * temp)+win_str_data.b_factor; 
1509   1        
1510   1        if(temp >6000)
1511   1        temp =6000;
1512   1      
1513   1        return (u16)temp;
1514   1      }
1515          /*************Ë˘ĐÂÔËĐĐĘ±Ľä************************/
1516          void win_fresh_timer_block(void)
1517          {
1518   1        static u16 timer_fresh_ratio;
1519   1        STR_WIN_TypeDef *obj = &win_str_data; 
1520   1        if(timer_fresh_ratio >0) timer_fresh_ratio--; 
1521   1        {
1522   2          timer_fresh_ratio = 50;//20hz
1523   2          if((win_str_data.start != 0)&&(win_str_data.pause == 0))  
1524   2          {
1525   3            win_disp_cycle(MAIN_TIMER,win_str_data.disp_cycle);
1526   3            win_disp_run_time(MAIN_TIMER,win_str_data.disp_run_time);
1527   3            win_disp_pause_time(MAIN_TIMER,win_str_data.disp_pause_time);
1528   3          }
1529   2        }
1530   1      }
1531          
1532          void Fresh_Service_Time(void)
1533          {
1534   1        win_str_data.disp_time = win_str_data.used_time/3600;  //ĐˇĘ±Ęý
1535   1        sys_write_vp(ARTNUM_UT_ADDR,(u8*)&win_str_data.disp_time,1);
1536   1      }
1537          
1538          void Init_read_norflash(void)
1539          {
1540   1        norflash_read(SYS_LOGO_OFFSET,(u8 *)&win_str_data.logo,8);
1541   1        
1542   1        if(win_str_data.prog_grp > 20)  //ł¬ĎŢĹĐ¶Ď
1543   1        {
1544   2          win_str_data.prog_grp = 0;
1545   2          win_str_data.test_mode = 0;
1546   2        }
1547   1      }
1548          void Prog_mode_para_read(void)
1549          {
1550   1        if(win_str_data.prog_grp == 0) 
1551   1        {
1552   2          win_str_data.test_mode = 0;
1553   2          win_load_prog_paras(PROG_LEVEL_OFFSET,(u8*)&win_str_data.prog_level,4);
1554   2          memcpy((u8*)&win_str_data.use_level,(u8*)&win_str_data.prog_level,8);
1555   2          memcpy((u8*)&win_str_data.set_level,(u8*)&win_str_data.prog_level,8);
1556   2        } 
1557   1        else if(win_str_data.prog_grp > 0) 
1558   1        {
1559   2          win_str_data.test_mode = 1;
1560   2          win_load_prog_paras(PROG_LEVEL_OFFSET,(u8*)&win_str_data.prog_level,4);
1561   2          memcpy((u8*)&win_str_data.use_level,(u8*)&win_str_data.prog_level,8);
1562   2          memcpy((u8*)&win_str_data.set_level,(u8*)&win_str_data.prog_level,8);
1563   2        }
1564   1        sys_write_vp(ARTNUM_MAIN_PROG_NUM_ADDR,(u8*)&win_str_data.prog_grp,1);
1565   1        win_fresh_model_icon(win_str_data.test_mode);
1566   1      }
1567          //****************************´°żÚĘýľÝłőĘĽ»Ż****************************
1568          void win_init(void)
C51 COMPILER V9.60.7.0   START_WIN                                                         01/07/2026 11:25:16 PAGE 27  

1569          {
1570   1        u16 temp = 0;
1571   1        STR_WIN_TypeDef *obj = &win_str_data;
1572   1        memset(&win_str_data,0,sizeof(win_str_data));
1573   1      //init workbence para
1574   1      //read from flash///////////////////////////////////////////
1575   1        Init_read_norflash();
1576   1      //1.load startup logo
1577   1        if(win_str_data.logo >0) win_str_data.logo = 4;
1578   1        sys_write_vp(ANIMOTION_LOGO_ADDR,(u8*)&win_str_data.logo,2);  //no logo for oem
1579   1      //2.load system parametes settings
1580   1        win_load_setpara();
1581   1      //3 service time
1582   1        win_str_data.used_time = win_str_data.used_time_h;
1583   1        win_str_data.used_time <<= 16;
1584   1        win_str_data.used_time |= win_str_data.used_time_l;
1585   1        win_str_data.disp_time = win_str_data.used_time/3600;  //ĐˇĘ±Ęý
1586   1      
1587   1        if(win_str_data.product_id > PRODUCT_TOTAL) win_str_data.product_id = 0;
1588   1      //.ą¤ł§˝çĂćÎ˘µ÷µçŃą¶ÁČˇ
1589   1        norflash_read(SYS_VOL_MIN,(u8 *)&win_str_data.sys_voltage_min,6); 
1590   1        if(win_str_data.sys_save_flag == 0XFFFF)
1591   1        {
1592   2          memcpy((u8 *)&product_data[win_str_data.product_id].vol_min,(u8 *)&win_str_data.sys_voltage_min,8);
1593   2        }
1594   1        else
1595   1        {
1596   2          memcpy((u8 *)&win_str_data.sys_voltage_min,(u8 *)&product_data[win_str_data.product_id].vol_min,8);
1597   2        }
1598   1      
1599   1      //×éşĎłĚĐňÄŁĘ˝»ň \ łĚĐňÄŁĘ˝ \ ĘµŃéÄŁĘ˝ĹĐ¶Ď˛˘ĽÓÔŘ
1600   1      //4 program group
1601   1        Prog_mode_para_read();
1602   1      
1603   1      //7.»úĐÍĆĄĹä  
1604   1        if(win_str_data.logo == 4)
1605   1        {
1606   2          sys_write_vp(STRING_PRODUCT_ADDR,(u8*)modle_version,sizeof(modle_version));
1607   2        }
1608   1        else
1609   1        {
1610   2          sys_write_vp(STRING_PRODUCT_ADDR,(u8*)product_data[win_str_data.product_id].name,sizeof(product_data[win
             -_str_data.product_id].name));
1611   2        }
1612   1        sys_write_vp(STRING_VERSION_ADDR,(u8*)Software_version,sizeof(Software_version));
1613   1      
1614   1        win_str_data.model_num = product_data[win_str_data.product_id].model_id;
1615   1      
1616   1      //10. calc level vs voltage function
1617   1        win_calc_function();
1618   1        sys_delay_about_ms(4000);  
1619   1      //11. jump work page  
1620   1      
1621   1        win_change_page(WORK_PAGE);
1622   1      }


MODULE INFORMATION:   STATIC OVERLAYABLE
   CODE SIZE        =  15305    ----
   CONSTANT SIZE    =     25    ----
   XDATA SIZE       =    288     249
   PDATA SIZE       =   ----    ----
C51 COMPILER V9.60.7.0   START_WIN                                                         01/07/2026 11:25:16 PAGE 28  

   DATA SIZE        =   ----    ----
   IDATA SIZE       =   ----    ----
   BIT SIZE         =   ----    ----
   EDATA SIZE       =   ----    ----
   HDATA SIZE       =   ----    ----
   XDATA CONST SIZE =   ----    ----
   FAR CONST SIZE   =   ----    ----
END OF MODULE INFORMATION.


C51 COMPILATION COMPLETE.  0 WARNING(S),  0 ERROR(S)
