C51 COMPILER V9.60.7.0   SYS                                                               01/07/2026 11:25:23 PAGE 1   


C51 COMPILER V9.60.7.0, COMPILATION OF MODULE SYS
OBJECT MODULE PLACED IN ..\OBJ\sys.obj
COMPILER INVOKED BY: D:\Keil_v5\C51\BIN\C51.EXE sys.c LARGE OMF2 OPTIMIZE(3,SIZE) BROWSE INCDIR(..\USER;..\FUNC_HANDLER;
                    -..\GUI_APP;..\HANDWARE\NOR_FLASH;..\HANDWARE\USART;..\T5LDriver) DEBUG PRINT(..\OBJ\sys.lst) TABS(2) OBJECT(..\OBJ\sys.o
                    -bj)

line level    source

   1          #include "main.h"
   2          
   3          static idata u16 delay_tick = 0; //用来实现精确延时的
   4          //核心寄存器初始化
   5          void sys_cpu_init()
   6          {
   7   1        CKCON = 0x00;
   8   1        T2CON = 0x70;
   9   1        DPC = 0x00;
  10   1        PAGESEL = 0x01;
  11   1        D_PAGESEL = 0x02; //DATA RAM  0x8000-0xFFFF
  12   1        MUX_SEL = 0x00;   //UART2,UART3关闭，WDT关闭
  13   1        RAMMODE = 0x00;
  14   1        PORTDRV = 0x01;   //驱动强度+/-8mA
  15   1        IEN0 = 0x00;      //关闭所有中断
  16   1        IEN1 = 0x00;
  17   1        IEN2 = 0x00;
  18   1        IP0 = 0x00;       //中断优先级默认
  19   1        IP1 = 0x00;
  20   1        
  21   1        WDT_OFF();        //关闭开门狗
  22   1      }
  23          
  24          
  25          //定时器2初始化,定时间隔为1ms
  26          void sys_timer2_init()
  27          {
  28   1        T2CON = 0x70;
  29   1        TH2 = 0x00;
  30   1        TL2 = 0x00;
  31   1      
  32   1        TRL2H = 0xBC; //1ms的定时器
  33   1        TRL2L = 0xCD;       
  34   1      
  35   1        IEN0 |= 0x20; //启动定时器2
  36   1        TR2 = 0x01;
  37   1        EA = 1;
  38   1      }
  39          
  40          
  41          //系统初始化
  42          void sys_init()
  43          {
  44   1        sys_cpu_init();//核心寄存器初始化
  45   1        
  46   1        sys_uart0_init();//串口2初始化 115200bps
  47   1        
  48   1        sys_uart4_init();//串口4初始化 115200bps
  49   1        
  50   1        sys_timer2_init();//定时器2初始化
  51   1      
  52   1      }
  53          
C51 COMPILER V9.60.7.0   SYS                                                               01/07/2026 11:25:23 PAGE 2   

  54          
  55          //软件大致延时,单位ms
  56          //如果修改了优化等级,那么此函数内部的参数需要重新调试
  57          void sys_delay_about_ms(u16 ms)
  58          {
  59   1        u16 i,j;
  60   1        for(i=0;i<ms;i++)
  61   1            for(j=0;j<3000;j++);    
  62   1      }
  63          
  64          
  65          //软件大致延时,单位us
  66          //如果修改了优化等级,那么此函数内部的参数需要重新调试
  67          void sys_delay_about_us(u8 us)
  68          {
  69   1        u8 i,j;
  70   1        for(i=0;i<us;i++)
  71   1            for(j=0;j<5;j++);    
  72   1      }
  73          
  74          
  75          //利用定时器2进行精确延时,单位ms
  76          void sys_delay_ms(u16 ms)
  77          {
  78   1        delay_tick = ms;
  79   1        while(delay_tick);
  80   1      }
  81          
  82          
  83          //读DGUS中的VP变量数据
  84          //addr:就是直接传入DGUS中的地址
  85          //buf:缓冲区
  86          //len:读取的字数,一个字等于2个字节
  87          void sys_read_vp(u16 addr,u8* buf,u16 len)
  88          {   
  89   1        u8 i; 
  90   1        
  91   1        i = (u8)(addr&0x01);
  92   1        addr >>= 1;
  93   1        ADR_H = 0x00;
  94   1        ADR_M = (u8)(addr>>8);
  95   1        ADR_L = (u8)addr;
  96   1        ADR_INC = 0x01;
  97   1        RAMMODE = 0xAF;
  98   1        while(APP_ACK==0);
  99   1        while(len>0)
 100   1        {   
 101   2          APP_EN=1;
 102   2          while(APP_EN==1);
 103   2          if((i==0)&&(len>0))   
 104   2          {   
 105   3            *buf++ = DATA3;
 106   3            *buf++ = DATA2;                      
 107   3            i = 1;
 108   3            len--;  
 109   3          }
 110   2          if((i==1)&&(len>0))   
 111   2          {   
 112   3            *buf++ = DATA1;
 113   3            *buf++ = DATA0;                      
 114   3            i = 0;
 115   3            len--;  
C51 COMPILER V9.60.7.0   SYS                                                               01/07/2026 11:25:23 PAGE 3   

 116   3          }
 117   2        }
 118   1        RAMMODE = 0x00;
 119   1      }
 120          
 121          
 122          //写DGUS中的VP变量数据
 123          //addr:就是直接传入DGUS中的地址
 124          //buf:缓冲区
 125          //len:被发送数据的字数,一个字等于2个字节
 126          void sys_write_vp(u16 addr,u8* buf,u16 len)
 127          {   
 128   1        u8 i;  
 129   1        
 130   1        i = (u8)(addr&0x01);
 131   1        addr >>= 1;
 132   1        ADR_H = 0x00;
 133   1        ADR_M = (u8)(addr>>8);
 134   1        ADR_L = (u8)addr;    
 135   1        ADR_INC = 0x01;
 136   1        RAMMODE = 0x8F;
 137   1        while(APP_ACK==0);
 138   1        if(i && len>0)
 139   1        { 
 140   2          RAMMODE = 0x83; 
 141   2          DATA1 = *buf++;   
 142   2          DATA0 = *buf++; 
 143   2          APP_EN = 1;   
 144   2          len--;
 145   2        }
 146   1        RAMMODE = 0x8F;
 147   1        while(len>=2)
 148   1        { 
 149   2          DATA3 = *buf++;   
 150   2          DATA2 = *buf++;
 151   2          DATA1 = *buf++;   
 152   2          DATA0 = *buf++;
 153   2          APP_EN = 1;   
 154   2          len -= 2;
 155   2        }
 156   1        if(len)
 157   1        { 
 158   2          RAMMODE = 0x8C;
 159   2          DATA3 = *buf++;   
 160   2          DATA2 = *buf++;
 161   2          APP_EN = 1;
 162   2        }
 163   1        RAMMODE = 0x00;
 164   1      } 
 165          
 166          //定时器2中断服务程序
 167          void sys_timer2_isr() interrupt 5 //1ms
 168          {
 169   1        TF2=0;//清除定时器2的中断标志位
 170   1        
 171   1        Timer_Task_Count( );
 172   1        if(str_usart_data.overtime) str_usart_data.overtime--;
 173   1        if(str_usart_data.timeout)  str_usart_data.timeout--;
 174   1        //精准延时处理
 175   1        if(delay_tick)    delay_tick--;
 176   1        //产生按钮点击扫描信号
 177   1        btn_click_tick();
C51 COMPILER V9.60.7.0   SYS                                                               01/07/2026 11:25:23 PAGE 4   

 178   1      
 179   1        //通讯接收超时
 180   1        if (HmiSlvCmd.Status==1){
 181   2          HmiSlvCmd.Delay++; 
 182   2          if (HmiSlvCmd.Delay>1) HmiSlvCmd.Status=2; 
 183   2        }
 184   1        if (HmiSlvCmd.Step>0 || HmiSlvCmd.Status>2) //ModBus 接收数据超时判断
 185   1        {
 186   2          HmiSlvCmd.TxTimeOut++; //超时接收发送时间>100ms
 187   2          if (HmiSlvCmd.TxTimeOut>20)
 188   2          {
 189   3            HmiSlvCmd.TxTimeOut=0;
 190   3            HmiSlvCmd.Step=0;
 191   3            HmiSlvCmd.Status=0;
 192   3          }
 193   2        }
 194   1        else HmiSlvCmd.TxTimeOut=0; 
 195   1      }
 196          
 197          
 198          //*********************************************************
 199          
 200          //绘制2D形状
 201          void sys_draw_shape(u16 * shape_data)
 202          {
 203   1        #define SHAPE_NUM   1       //只绘制一个
 204   1        #define END_FLAG    0xff00  //绘制结束标记
 205   1        u8 len;
 206   1        
 207   1        switch(shape_data[1])
 208   1        {
 209   2          case SHAPE_TYPE_POINT://绘制点
 210   2            ((SHAPE_DATA_POINT*)shape_data)->shape_num = SHAPE_NUM;
 211   2            ((SHAPE_DATA_POINT*)shape_data)->end_flag = END_FLAG;
 212   2            len = sizeof(SHAPE_DATA_POINT)-2;
 213   2            break;
 214   2          case SHAPE_TYPE_LINE://端点连线或线段
 215   2            ((SHAPE_DATA_LINE*)shape_data)->shape_num = SHAPE_NUM;
 216   2            ((SHAPE_DATA_LINE*)shape_data)->end_flag = END_FLAG;
 217   2            len = sizeof(SHAPE_DATA_LINE)-2;
 218   2            break;
 219   2          case SHAPE_TYPE_RECT://画矩形
 220   2          case SHAPE_TYPE_FILL_RECT://画填充矩形
 221   2            ((SHAPE_DATA_RECT*)shape_data)->shape_num = SHAPE_NUM;
 222   2            ((SHAPE_DATA_RECT*)shape_data)->end_flag = END_FLAG;
 223   2            len = sizeof(SHAPE_DATA_RECT)-2;
 224   2            break;
 225   2          case SHAPE_TYPE_AREA_COPY://界面区域拷贝
 226   2            ((SHAPE_DATA_AREA_COPY*)shape_data)->shape_num = SHAPE_NUM;
 227   2            ((SHAPE_DATA_AREA_COPY*)shape_data)->end_flag = END_FLAG;
 228   2            len = sizeof(SHAPE_DATA_AREA_COPY)-2;
 229   2            break;
 230   2          case SHAPE_TYPE_VER_LINE://频谱,垂直线
 231   2            ((SHAPE_DATA_VER_LINE*)shape_data)->shape_num = SHAPE_NUM;
 232   2            ((SHAPE_DATA_VER_LINE*)shape_data)->end_flag = END_FLAG;
 233   2            len = sizeof(SHAPE_DATA_VER_LINE)-2;
 234   2            break;    
 235   2        }
 236   1        
 237   1        sys_write_vp(shape_data[0],(u8*)(shape_data+1),len/2);
 238   1      }
 239          //切换界面
C51 COMPILER V9.60.7.0   SYS                                                               01/07/2026 11:25:23 PAGE 5   

 240          void sys_disp_page(u16 page)
 241          {
 242   1        u16 buf[2];
 243   1        buf[0]= 0x5a01;
 244   1        buf[1] =page; 
 245   1        sys_write_vp(0X0084,(u8*)buf,2);  
 246   1        //sys_write_vp(0X0086,(u8*)buf,1);  
 247   1      }
 248          void sys_enable_speaker(u16 enable)
 249          {
 250   1        u16 buf[2]; 
 251   1        sys_read_vp(0x0080,(u8*)buf,2);
 252   1        buf[0]= 0x5a00;
 253   1        if(enable == 1) buf[1] = buf[1]|(1<<3);
 254   1        else buf[1] = buf[1]&(~(1<<3));
 255   1        sys_write_vp(0x0080,(u8*)buf,2);//debug
 256   1      }
 257          void sys_speaker_work(u16 timer)//unit 8ms
 258          {
 259   1        sys_write_vp(0x00A0,(u8*)&timer,1);
 260   1      }
 261          void sys_setdis_light(u16 light_val)
 262          {
 263   1        u16 buf[2]; 
 264   1        if(light_val>100) light_val =100;
 265   1        
 266   1        sys_read_vp(0x0080,(u8*)buf,2); 
 267   1        buf[0]= 0x5a00;
 268   1        // turn off black light contrl
 269   1      //  if(light_val == 100)
 270   1        {
 271   2          buf[1] = buf[1]&(~(1<<2));  
 272   2          sys_write_vp(0x0080,(u8*)buf,2);//debug
 273   2          buf[0]= (light_val<<8)+0x32;
 274   2          buf[1] = 100;//10s unit 10ms  
 275   2          sys_write_vp(0x0082,(u8*)buf,2);//debug
 276   2        }
 277   1      //  else
 278   1      //  {
 279   1      //    buf[1] = buf[1]|(1<<2);
 280   1      //    sys_write_vp(0x0080,(u8*)buf,2);//debug
 281   1      //    buf[0]= (light_val)+(0x64<<8);
 282   1      //    buf[1] = 100*CFG_SYS_SLEEP_TIME;//10s unit 10ms 
 283   1      //    sys_write_vp(0x0082,(u8*)buf,2);//debug
 284   1      //  }
 285   1      
 286   1        
 287   1      
 288   1      }
 289          
 290          
 291          
 292          //void sys_readflash(u16 addr,u8*buf,u16 num)
 293          //{
 294          
 295          //}
 296          //void sys_wirteflash(u16 addr,u8*buf,u16 num)
 297          //{
 298          
 299          //}
 300          /////////////////////////////////////////////////// 

C51 COMPILER V9.60.7.0   SYS                                                               01/07/2026 11:25:23 PAGE 6   


MODULE INFORMATION:   STATIC OVERLAYABLE
   CODE SIZE        =   1546    ----
   CONSTANT SIZE    =   ----    ----
   XDATA SIZE       =   ----      51
   PDATA SIZE       =   ----    ----
   DATA SIZE        =   ----    ----
   IDATA SIZE       =      2    ----
   BIT SIZE         =   ----    ----
   EDATA SIZE       =   ----    ----
   HDATA SIZE       =   ----    ----
   XDATA CONST SIZE =   ----    ----
   FAR CONST SIZE   =   ----    ----
END OF MODULE INFORMATION.


C51 COMPILATION COMPLETE.  0 WARNING(S),  0 ERROR(S)
