C51 COMPILER V9.60.7.0   TASK_MANAGER                                                      01/07/2026 11:25:13 PAGE 1   


C51 COMPILER V9.60.7.0, COMPILATION OF MODULE TASK_MANAGER
OBJECT MODULE PLACED IN ..\OBJ\Task_manager.obj
COMPILER INVOKED BY: D:\Keil_v5\C51\BIN\C51.EXE Task_manager.c LARGE OMF2 OPTIMIZE(3,SIZE) BROWSE INCDIR(..\USER;..\FUNC
                    -_HANDLER;..\GUI_APP;..\HANDWARE\NOR_FLASH;..\HANDWARE\USART;..\T5LDriver) DEBUG PRINT(..\OBJ\Task_manager.lst) TABS(2) O
                    -BJECT(..\OBJ\Task_manager.obj)

line level    source

   1          //############################################################
   2          // FILE:  Task_manager.c
   3          // Created on: 2022年2月20日
   4          // Author: Jason
   5          // summary: Task_manager
   6          //############################################################
   7          #include "main.h"
   8          
   9          
  10          #define Task_Num   4   //task +1
  11          #define HFPeriod_COUNT     1    //1ms
  12          #define RTUPeriod_COUNT    50    //50ms
  13          #define FSMPeriod_COUNT    10   //5ms
  14          #define TIMERPeriod_COUNT  250   //250ms
  15          
  16          void Send_voltage_service(void);
  17            
  18          TaskTime xdata TasksPare[Task_Num];
  19          extern code const Product_TypeDef product_data[PRODUCT_TOTAL];
  20          void Timer_Task_Count(void)
  21          {
  22   1        u8 data Task_Count=0;
  23   1       for(Task_Count=0;Task_Count<Task_Num;Task_Count++)    //TASK_NUM=5
  24   1       {
  25   2        if((TasksPare[Task_Count].Task_Count<TasksPare[Task_Count].Task_Period)&&(TasksPare[Task_Count].Task_Per
             -iod>0))
  26   2        {
  27   3          TasksPare[Task_Count].Task_Count++;   // 计数 事件任务计数
  28   3        }
  29   2       }
  30   1      }
  31          
  32          void Execute_Task_List_RUN(void)
  33          {
  34   1        u8 data Task_Count = 0;
  35   1       for(Task_Count=0;Task_Count < Task_Num;Task_Count++)
  36   1       {
  37   2        if((TasksPare[Task_Count].Task_Count>=TasksPare[Task_Count].Task_Period)&&(TasksPare[Task_Count].Task_Pe
             -riod > 0))
  38   2        {
  39   3          TasksPare[Task_Count].Task_Function();  // 运行计数的时间任务函数
  40   3          TasksPare[Task_Count].Task_Count=0;
  41   3        }
  42   2       }
  43   1      }
  44          
  45          
  46          
  47          #define SPK_TIME_OUT_TIMES 5       //蜂鸣器响5次
  48          void Task_Timer_Sec(void)  //  250ms运行一次
  49          {
  50   1        u16 xdata temp;
  51   1        static u16 xdata tick = 0;  //1s计时
C51 COMPILER V9.60.7.0   TASK_MANAGER                                                      01/07/2026 11:25:13 PAGE 2   

  52   1        static u16 xdata spk = 0;
  53   1        static u16 xdata spk_tick = 0;
  54   1      
  55   1        
  56   1        if(win_str_data.state == FSM_RUN)/**********FSM_RUN***********/
  57   1        {
  58   2          tick++; 
  59   2          if(tick >= 4)    //250ms进一次，4次为1s
  60   2          {
  61   3            tick = 0;
  62   3            temp = win_sec_timer_handle(&win_str_data.run_timer_state);
  63   3            if(temp == 1) RTU_Cmd_Pending(RTU_RUN_FWD,MC_FWD);
  64   3            else if(temp == 2) RTU_Cmd_Pending(RTU_STOP,MC_STOP);
  65   3            else if(temp == 3) spk = 2*SPK_TIME_OUT_TIMES;
  66   3            win_str_data.used_time++;
  67   3          }
  68   2        } 
  69   1            
  70   1        if(win_str_data.state == FSM_READY)
  71   1        {
  72   2          win_str_data.run_timer_state = 0;
  73   2          if(spk)        //停止蜂鸣器
  74   2          {
  75   3            spk--;  
  76   3            spk_tick = 1-spk_tick;
  77   3            if((spk_tick)&&(win_str_data.alarm == 0))
  78   3            sys_speaker_work(20);
  79   3          }
  80   2          if(win_str_data.fan_tick > 0 ) win_str_data.fan_tick--;
  81   2          if(win_str_data.fan_tick == 1) RTU_Cmd_Pending(RTU_DCFAN_STOP,0);   
  82   2        }
  83   1      }
  84          
  85          void RTU_send_Rece(void)  // 100ms数据周期，可自行修改周期，最快1ms
  86          {
  87   1        RTU_Send_Task_Handler();
  88   1      }
  89          
  90          /*********************状态机******************************/
  91          void Run_FSM(void)   //FSM状态机 
  92          {
  93   1      
  94   1        switch(win_str_data.state)
  95   1        {
  96   2          case FSM_INIT:    //***************状态机：状态机初始化*************************************************
             -****
  97   2            win_str_data.state = FSM_READY;   //初始化位READY状态
  98   2            break;
  99   2          case FSM_READY:   //****************状态机：准备状态****************************************************
             -****  
 100   2              /**************显示值设定为设置值*******************/
 101   2              memcpy((u8 *)&win_str_data.disp_run_time,(u8 *)&win_str_data.use_run_time,6);
 102   2      //        win_disp_level(MAIN_TIMER,win_str_data.use_level);
 103   2              /**************************************************/
 104   2              if(win_str_data.start == 1 && win_str_data.door_warning == 0)    //接收到Start_win  start=1开始信号
 105   2              {
 106   3                RTU_Cmd_Pending(RTU_DCFAN_RUN,1);  //DC2
 107   3                win_str_data.state = FSM_START;
 108   3              }
 109   2              else
 110   2              {
 111   3                win_str_data.start = 0;
C51 COMPILER V9.60.7.0   TASK_MANAGER                                                      01/07/2026 11:25:13 PAGE 3   

 112   3              }
 113   2            break;
 114   2              
 115   2          case FSM_START:/*******************************************状态机：开始状态*****************************
             -***/
 116   2              RTU_Cmd_Pending(RTU_RUN_FWD,MC_FWD);
 117   2              win_str_data.state = FSM_RUN;
 118   2            break;    
 119   2        case FSM_RUN:/*******************************************状态机：运行状态********************************
             -*/   //运行过程中
 120   2              Send_voltage_service();
 121   2              if(win_str_data.disp_count_time == 0)
 122   2              {
 123   3                win_str_data.start = 0;
 124   3              }
 125   2              
 126   2              if(win_str_data.pause == 1)/********** pause = 1暂停信号 pause = 0无暂停信号**************************
             -****/
 127   2              {
 128   3                RTU_Cmd_Pending(RTU_STOP,MC_STOP);   //send motor stop
 129   3                win_str_data.state = FSM_PAUSE;
 130   3              } 
 131   2              else if(win_str_data.start == 0) //start = 0停止信号 start = 1 运行信号
 132   2              {
 133   3                RTU_Cmd_Pending(RTU_STOP,MC_STOP);   //send motor stop
 134   3                win_str_data.state = FSM_STOP;
 135   3              }       
 136   2              else if(win_str_data.door_warning == 1)/********** 运行过程中开门**********/
 137   2              {
 138   3                win_str_data.start = 0;
 139   3                win_str_data.pause = 1;
 140   3              }
 141   2      
 142   2      
 143   2            break;
 144   2          case FSM_PAUSE: /**********************************状态机：暂停状态********************************/
 145   2              if((win_str_data.start == 1) && (win_str_data.pause == 0))     //点运行按钮,恢复运行
 146   2              {
 147   3                win_str_data.state = FSM_START;
 148   3              }
 149   2              if((win_str_data.start == 0) && (win_str_data.pause == 0)) //start = 0停止信号 start = 1 运行信号
 150   2              {
 151   3                win_str_data.state = FSM_STOP;
 152   3              }
 153   2            break;
 154   2          case FSM_STOP:
 155   2            
 156   2              win_str_data.disp_count_time = ((u32)win_str_data.use_cycle * (win_str_data.use_run_time + win_str_dat
             -a.use_pause_time)) - win_str_data.use_pause_time;
 157   2          
 158   2              win_str_data.used_time_l = win_str_data.used_time & 0xffff;  //Save used time
 159   2              win_str_data.used_time_h = (win_str_data.used_time>>16) & 0xffff; 
 160   2              norflash_write(RUNTIME_MIN_HADDR,(u8*)&win_str_data.used_time_h,2);
 161   2        
 162   2              win_disp_run_time(MAIN_TIMER,win_str_data.use_run_time);
 163   2              win_disp_pause_time(MAIN_TIMER,win_str_data.use_pause_time);
 164   2              win_disp_cycle(MAIN_TIMER,win_str_data.use_cycle);    
 165   2          
 166   2              win_str_data.state = FSM_READY;
 167   2            break;
 168   2        
 169   2          default:
C51 COMPILER V9.60.7.0   TASK_MANAGER                                                      01/07/2026 11:25:13 PAGE 4   

 170   2            break;
 171   2        }
 172   1      }
 173          void HFPeriod_1msTask(void)
 174          {
 175   1        btn_click_handler();//按钮点击事件处理  
 176   1        rtu_response_handler();
 177   1        win_fresh_window(&str_sys);     //刷新界面
 178   1      }
 179          
 180          
 181          void Task_Manage_List_Init(void)
 182          {
 183   1        TasksPare[0].Task_Period=HFPeriod_COUNT; //PERIOD_COUNT=1    1ms
 184   1        TasksPare[0].Task_Count=1;
 185   1        TasksPare[0].Task_Function=HFPeriod_1msTask;  
 186   1      
 187   1        TasksPare[1].Task_Period=RTUPeriod_COUNT; //2ms
 188   1        TasksPare[1].Task_Count=8;
 189   1        TasksPare[1].Task_Function=RTU_send_Rece; //  通讯接收和发送;
 190   1      
 191   1        TasksPare[2].Task_Period=FSMPeriod_COUNT; //100ms
 192   1        TasksPare[2].Task_Count=80;
 193   1        TasksPare[2].Task_Function=Run_FSM;//  通讯接收和发送;
 194   1      
 195   1        TasksPare[3].Task_Period = TIMERPeriod_COUNT;//500ms
 196   1        TasksPare[3].Task_Count=300;
 197   1        TasksPare[3].Task_Function = Task_Timer_Sec;   // 500ms的LED的闪烁
 198   1      }
 199          
 200          void Send_voltage_service(void)
 201          {
 202   1        u16 vol_temp;
 203   1        vol_temp = win_level_trans_volt(win_str_data.use_level);   //读取计算电压值
 204   1        if(str_sys.mc_para.set_vol != vol_temp)    //读取到下位机电压值不等于设置电压值
 205   1        {
 206   2          str_sys.mc_para.set_vol = vol_temp;
 207   2          RTU_Cmd_Pending(RTU_SET_VLOTAGE,vol_temp);
 208   2        }
 209   1      }
 210          
 211          
 212          
 213          


MODULE INFORMATION:   STATIC OVERLAYABLE
   CODE SIZE        =   1192    ----
   CONSTANT SIZE    =   ----    ----
   XDATA SIZE       =     34       4
   PDATA SIZE       =   ----    ----
   DATA SIZE        =   ----       2
   IDATA SIZE       =   ----    ----
   BIT SIZE         =   ----    ----
   EDATA SIZE       =   ----    ----
   HDATA SIZE       =   ----    ----
   XDATA CONST SIZE =   ----    ----
   FAR CONST SIZE   =   ----    ----
END OF MODULE INFORMATION.


C51 COMPILATION COMPLETE.  0 WARNING(S),  0 ERROR(S)
